This is pdfTeX, Version 3.14159265-2.6-1.40.20 (TeX Live 2019/Debian) (preloaded format=pdflatex 2022.6.5)  22 SEP 2022 00:45
entering extended mode
 restricted \write18 enabled.
 file:line:error style messages enabled.
 %&-line parsing enabled.
**main.tex
(./main.tex
LaTeX2e <2020-02-02> patch level 2
L3 programming layer <2020-02-14>
(/usr/share/texlive/texmf-dist/tex/latex/base/report.cls
Document Class: report 2019/12/20 v1.4l Standard LaTeX document class
(/usr/share/texlive/texmf-dist/tex/latex/base/size10.clo
File: size10.clo 2019/12/20 v1.4l Standard LaTeX file (size option)
)
\c@part=\count167
\c@chapter=\count168
\c@section=\count169
\c@subsection=\count170
\c@subsubsection=\count171
\c@paragraph=\count172
\c@subparagraph=\count173
\c@figure=\count174
\c@table=\count175
\abovecaptionskip=\skip47
\belowcaptionskip=\skip48
\bibindent=\dimen134
)
(/usr/share/texlive/texmf-dist/tex/latex/base/textcomp.sty
Package: textcomp 2020/02/02 v2.0n Standard LaTeX package
)
(./config/config.tex (/usr/share/texlive/texmf-dist/tex/latex/cmap/cmap.sty
Package: cmap 2008/03/06 v1.0h CMap support: searchable PDF
)
(/usr/share/texlive/texmf-dist/tex/latex/base/fontenc.sty
Package: fontenc 2020/02/11 v2.0o Standard LaTeX package

(/usr/share/texlive/texmf-dist/tex/latex/cyrillic/t2aenc.def
File: t2aenc.def 2005/09/27 v1.0i Cyrillic encoding definition file
Now handling font encoding T2A ...
... processing UTF-8 mapping file for font encoding T2A

(/usr/share/texlive/texmf-dist/tex/latex/base/t2aenc.dfu
File: t2aenc.dfu 2019/11/14 v1.2k UTF-8 support for inputenc
   defining Unicode char U+00A4 (decimal 164)
   defining Unicode char U+00A7 (decimal 167)
   defining Unicode char U+00AB (decimal 171)
   defining Unicode char U+00BB (decimal 187)
   defining Unicode char U+0131 (decimal 305)
   defining Unicode char U+0237 (decimal 567)
   defining Unicode char U+0400 (decimal 1024)
   defining Unicode char U+0401 (decimal 1025)
   defining Unicode char U+0402 (decimal 1026)
   defining Unicode char U+0403 (decimal 1027)
   defining Unicode char U+0404 (decimal 1028)
   defining Unicode char U+0405 (decimal 1029)
   defining Unicode char U+0406 (decimal 1030)
   defining Unicode char U+0407 (decimal 1031)
   defining Unicode char U+0408 (decimal 1032)
   defining Unicode char U+0409 (decimal 1033)
   defining Unicode char U+040A (decimal 1034)
   defining Unicode char U+040B (decimal 1035)
   defining Unicode char U+040C (decimal 1036)
   defining Unicode char U+040D (decimal 1037)
   defining Unicode char U+040E (decimal 1038)
   defining Unicode char U+040F (decimal 1039)
   defining Unicode char U+0410 (decimal 1040)
   defining Unicode char U+0411 (decimal 1041)
   defining Unicode char U+0412 (decimal 1042)
   defining Unicode char U+0413 (decimal 1043)
   defining Unicode char U+0414 (decimal 1044)
   defining Unicode char U+0415 (decimal 1045)
   defining Unicode char U+0416 (decimal 1046)
   defining Unicode char U+0417 (decimal 1047)
   defining Unicode char U+0418 (decimal 1048)
   defining Unicode char U+0419 (decimal 1049)
   defining Unicode char U+041A (decimal 1050)
   defining Unicode char U+041B (decimal 1051)
   defining Unicode char U+041C (decimal 1052)
   defining Unicode char U+041D (decimal 1053)
   defining Unicode char U+041E (decimal 1054)
   defining Unicode char U+041F (decimal 1055)
   defining Unicode char U+0420 (decimal 1056)
   defining Unicode char U+0421 (decimal 1057)
   defining Unicode char U+0422 (decimal 1058)
   defining Unicode char U+0423 (decimal 1059)
   defining Unicode char U+0424 (decimal 1060)
   defining Unicode char U+0425 (decimal 1061)
   defining Unicode char U+0426 (decimal 1062)
   defining Unicode char U+0427 (decimal 1063)
   defining Unicode char U+0428 (decimal 1064)
   defining Unicode char U+0429 (decimal 1065)
   defining Unicode char U+042A (decimal 1066)
   defining Unicode char U+042B (decimal 1067)
   defining Unicode char U+042C (decimal 1068)
   defining Unicode char U+042D (decimal 1069)
   defining Unicode char U+042E (decimal 1070)
   defining Unicode char U+042F (decimal 1071)
   defining Unicode char U+0430 (decimal 1072)
   defining Unicode char U+0431 (decimal 1073)
   defining Unicode char U+0432 (decimal 1074)
   defining Unicode char U+0433 (decimal 1075)
   defining Unicode char U+0434 (decimal 1076)
   defining Unicode char U+0435 (decimal 1077)
   defining Unicode char U+0436 (decimal 1078)
   defining Unicode char U+0437 (decimal 1079)
   defining Unicode char U+0438 (decimal 1080)
   defining Unicode char U+0439 (decimal 1081)
   defining Unicode char U+043A (decimal 1082)
   defining Unicode char U+043B (decimal 1083)
   defining Unicode char U+043C (decimal 1084)
   defining Unicode char U+043D (decimal 1085)
   defining Unicode char U+043E (decimal 1086)
   defining Unicode char U+043F (decimal 1087)
   defining Unicode char U+0440 (decimal 1088)
   defining Unicode char U+0441 (decimal 1089)
   defining Unicode char U+0442 (decimal 1090)
   defining Unicode char U+0443 (decimal 1091)
   defining Unicode char U+0444 (decimal 1092)
   defining Unicode char U+0445 (decimal 1093)
   defining Unicode char U+0446 (decimal 1094)
   defining Unicode char U+0447 (decimal 1095)
   defining Unicode char U+0448 (decimal 1096)
   defining Unicode char U+0449 (decimal 1097)
   defining Unicode char U+044A (decimal 1098)
   defining Unicode char U+044B (decimal 1099)
   defining Unicode char U+044C (decimal 1100)
   defining Unicode char U+044D (decimal 1101)
   defining Unicode char U+044E (decimal 1102)
   defining Unicode char U+044F (decimal 1103)
   defining Unicode char U+0450 (decimal 1104)
   defining Unicode char U+0451 (decimal 1105)
   defining Unicode char U+0452 (decimal 1106)
   defining Unicode char U+0453 (decimal 1107)
   defining Unicode char U+0454 (decimal 1108)
   defining Unicode char U+0455 (decimal 1109)
   defining Unicode char U+0456 (decimal 1110)
   defining Unicode char U+0457 (decimal 1111)
   defining Unicode char U+0458 (decimal 1112)
   defining Unicode char U+0459 (decimal 1113)
   defining Unicode char U+045A (decimal 1114)
   defining Unicode char U+045B (decimal 1115)
   defining Unicode char U+045C (decimal 1116)
   defining Unicode char U+045D (decimal 1117)
   defining Unicode char U+045E (decimal 1118)
   defining Unicode char U+045F (decimal 1119)
   defining Unicode char U+0490 (decimal 1168)
   defining Unicode char U+0491 (decimal 1169)
   defining Unicode char U+0492 (decimal 1170)
   defining Unicode char U+0493 (decimal 1171)
   defining Unicode char U+0496 (decimal 1174)
   defining Unicode char U+0497 (decimal 1175)
   defining Unicode char U+0498 (decimal 1176)
   defining Unicode char U+0499 (decimal 1177)
   defining Unicode char U+049A (decimal 1178)
   defining Unicode char U+049B (decimal 1179)
   defining Unicode char U+049C (decimal 1180)
   defining Unicode char U+049D (decimal 1181)
   defining Unicode char U+04A0 (decimal 1184)
   defining Unicode char U+04A1 (decimal 1185)
   defining Unicode char U+04A2 (decimal 1186)
   defining Unicode char U+04A3 (decimal 1187)
   defining Unicode char U+04A4 (decimal 1188)
   defining Unicode char U+04A5 (decimal 1189)
   defining Unicode char U+04AA (decimal 1194)
   defining Unicode char U+04AB (decimal 1195)
   defining Unicode char U+04AE (decimal 1198)
   defining Unicode char U+04AF (decimal 1199)
   defining Unicode char U+04B0 (decimal 1200)
   defining Unicode char U+04B1 (decimal 1201)
   defining Unicode char U+04B2 (decimal 1202)
   defining Unicode char U+04B3 (decimal 1203)
   defining Unicode char U+04B6 (decimal 1206)
   defining Unicode char U+04B7 (decimal 1207)
   defining Unicode char U+04B8 (decimal 1208)
   defining Unicode char U+04B9 (decimal 1209)
   defining Unicode char U+04BA (decimal 1210)
   defining Unicode char U+04BB (decimal 1211)
   defining Unicode char U+04C0 (decimal 1216)
   defining Unicode char U+04C1 (decimal 1217)
   defining Unicode char U+04C2 (decimal 1218)
   defining Unicode char U+04D0 (decimal 1232)
   defining Unicode char U+04D1 (decimal 1233)
   defining Unicode char U+04D2 (decimal 1234)
   defining Unicode char U+04D3 (decimal 1235)
   defining Unicode char U+04D4 (decimal 1236)
   defining Unicode char U+04D5 (decimal 1237)
   defining Unicode char U+04D6 (decimal 1238)
   defining Unicode char U+04D7 (decimal 1239)
   defining Unicode char U+04D8 (decimal 1240)
   defining Unicode char U+04D9 (decimal 1241)
   defining Unicode char U+04DA (decimal 1242)
   defining Unicode char U+04DB (decimal 1243)
   defining Unicode char U+04DC (decimal 1244)
   defining Unicode char U+04DD (decimal 1245)
   defining Unicode char U+04DE (decimal 1246)
   defining Unicode char U+04DF (decimal 1247)
   defining Unicode char U+04E2 (decimal 1250)
   defining Unicode char U+04E3 (decimal 1251)
   defining Unicode char U+04E4 (decimal 1252)
   defining Unicode char U+04E5 (decimal 1253)
   defining Unicode char U+04E6 (decimal 1254)
   defining Unicode char U+04E7 (decimal 1255)
   defining Unicode char U+04E8 (decimal 1256)
   defining Unicode char U+04E9 (decimal 1257)
   defining Unicode char U+04EC (decimal 1260)
   defining Unicode char U+04ED (decimal 1261)
   defining Unicode char U+04EE (decimal 1262)
   defining Unicode char U+04EF (decimal 1263)
   defining Unicode char U+04F0 (decimal 1264)
   defining Unicode char U+04F1 (decimal 1265)
   defining Unicode char U+04F2 (decimal 1266)
   defining Unicode char U+04F3 (decimal 1267)
   defining Unicode char U+04F4 (decimal 1268)
   defining Unicode char U+04F5 (decimal 1269)
   defining Unicode char U+04F8 (decimal 1272)
   defining Unicode char U+04F9 (decimal 1273)
   defining Unicode char U+200C (decimal 8204)
   defining Unicode char U+2013 (decimal 8211)
   defining Unicode char U+2014 (decimal 8212)
   defining Unicode char U+2018 (decimal 8216)
   defining Unicode char U+2019 (decimal 8217)
   defining Unicode char U+201C (decimal 8220)
   defining Unicode char U+201D (decimal 8221)
   defining Unicode char U+201E (decimal 8222)
   defining Unicode char U+2030 (decimal 8240)
   defining Unicode char U+2031 (decimal 8241)
   defining Unicode char U+2116 (decimal 8470)
   defining Unicode char U+2329 (decimal 9001)
   defining Unicode char U+232A (decimal 9002)
   defining Unicode char U+2423 (decimal 9251)
   defining Unicode char U+27E8 (decimal 10216)
   defining Unicode char U+27E9 (decimal 10217)
   defining Unicode char U+FB00 (decimal 64256)
   defining Unicode char U+FB01 (decimal 64257)
   defining Unicode char U+FB02 (decimal 64258)
   defining Unicode char U+FB03 (decimal 64259)
   defining Unicode char U+FB04 (decimal 64260)
   defining Unicode char U+FB05 (decimal 64261)
   defining Unicode char U+FB06 (decimal 64262)
))
LaTeX Font Info:    Trying to load font information for T2A+cmr on input line 1
12.

(/usr/share/texlive/texmf-dist/tex/latex/cyrillic/t2acmr.fd
File: t2acmr.fd 2001/08/11 v1.0a Computer Modern Cyrillic font definitions
)<<t2a.cmap>>)
(/usr/share/texlive/texmf-dist/tex/latex/base/inputenc.sty
Package: inputenc 2018/08/11 v1.3c Input encoding file
\inpenc@prehook=\toks14
\inpenc@posthook=\toks15
)
(/usr/share/texlive/texmf-dist/tex/generic/babel/babel.sty
Package: babel 2020/02/14 3.40 The Babel package

(/usr/share/texlive/texmf-dist/tex/generic/babel/switch.def
File: switch.def 2020/02/14 3.40 Babel switching mechanism
)
(/usr/share/texlive/texmf-dist/tex/generic/babel-russian/russianb.ldf
Language: russian 2017/08/12 1.3j Russian support for the Babel system

(/usr/share/texlive/texmf-dist/tex/generic/babel/babel.def
File: babel.def 2020/02/14 3.40 Babel common definitions
\babel@savecnt=\count176
\U@D=\dimen135

(/usr/share/texlive/texmf-dist/tex/generic/babel/txtbabel.def)
\bbl@readstream=\read2
\bbl@dirlevel=\count177
)
Package babel Info: Making " an active character on input line 120.
Package babel Info: Default for \cyrdash is provided on input line 157.
)
(/usr/share/texlive/texmf-dist/tex/generic/babel-english/english.ldf
Language: english 2017/06/06 v3.3r English support from the babel system
Package babel Info: \l@british = using hyphenrules for english
(babel)             (\language0) on input line 82.
Package babel Info: \l@UKenglish = using hyphenrules for english
(babel)             (\language0) on input line 83.
Package babel Info: \l@canadian = using hyphenrules for english
(babel)             (\language0) on input line 102.
Package babel Info: \l@australian = using hyphenrules for english
(babel)             (\language0) on input line 105.
Package babel Info: \l@newzealand = using hyphenrules for english
(babel)             (\language0) on input line 108.
)

Package babel Warning: Last declared language option is `russian',
(babel)                but the last processed one was `english'.
(babel)                The main language cannot be set as both a global
(babel)                and a package option. Use `main=russian' as
(babel)                option. Reported on input line 557.

) (/usr/share/texlive/texmf-dist/tex/latex/geometry/geometry.sty
Package: geometry 2020/01/02 v5.9 Page Geometry

(/usr/share/texlive/texmf-dist/tex/latex/graphics/keyval.sty
Package: keyval 2014/10/28 v1.15 key=value parser (DPC)
\KV@toks@=\toks16
)
(/usr/share/texlive/texmf-dist/tex/generic/iftex/ifvtex.sty
Package: ifvtex 2019/10/25 v1.7 ifvtex legacy package. Use iftex instead.

(/usr/share/texlive/texmf-dist/tex/generic/iftex/iftex.sty
Package: iftex 2019/11/07 v1.0c TeX engine tests
))
\Gm@cnth=\count178
\Gm@cntv=\count179
\c@Gm@tempcnt=\count180
\Gm@bindingoffset=\dimen136
\Gm@wd@mp=\dimen137
\Gm@odd@mp=\dimen138
\Gm@even@mp=\dimen139
\Gm@layoutwidth=\dimen140
\Gm@layoutheight=\dimen141
\Gm@layouthoffset=\dimen142
\Gm@layoutvoffset=\dimen143
\Gm@dimlist=\toks17
)
(/usr/share/texlive/texmf-dist/tex/latex/tools/indentfirst.sty
Package: indentfirst 1995/11/23 v1.03 Indent first paragraph (DPC)
)
(/usr/share/texlive/texmf-dist/tex/latex/mathtools/mathtools.sty
Package: mathtools 2020/01/17 v1.23 mathematical typesetting tools

(/usr/share/texlive/texmf-dist/tex/latex/tools/calc.sty
Package: calc 2017/05/25 v4.3 Infix arithmetic (KKT,FJ)
\calc@Acount=\count181
\calc@Bcount=\count182
\calc@Adimen=\dimen144
\calc@Bdimen=\dimen145
\calc@Askip=\skip49
\calc@Bskip=\skip50
LaTeX Info: Redefining \setlength on input line 80.
LaTeX Info: Redefining \addtolength on input line 81.
\calc@Ccount=\count183
\calc@Cskip=\skip51
)
(/usr/share/texlive/texmf-dist/tex/latex/mathtools/mhsetup.sty
Package: mhsetup 2017/03/31 v1.3 programming setup (MH)
)
(/usr/share/texlive/texmf-dist/tex/latex/amsmath/amsmath.sty
Package: amsmath 2020/01/20 v2.17e AMS math features
\@mathmargin=\skip52

For additional information on amsmath, use the `?' option.
(/usr/share/texlive/texmf-dist/tex/latex/amsmath/amstext.sty
Package: amstext 2000/06/29 v2.01 AMS text

(/usr/share/texlive/texmf-dist/tex/latex/amsmath/amsgen.sty
File: amsgen.sty 1999/11/30 v2.0 generic functions
\@emptytoks=\toks18
\ex@=\dimen146
))
(/usr/share/texlive/texmf-dist/tex/latex/amsmath/amsbsy.sty
Package: amsbsy 1999/11/29 v1.2d Bold Symbols
\pmbraise@=\dimen147
)
(/usr/share/texlive/texmf-dist/tex/latex/amsmath/amsopn.sty
Package: amsopn 2016/03/08 v2.02 operator names
)
\inf@bad=\count184
LaTeX Info: Redefining \frac on input line 227.
\uproot@=\count185
\leftroot@=\count186
LaTeX Info: Redefining \overline on input line 389.
\classnum@=\count187
\DOTSCASE@=\count188
LaTeX Info: Redefining \ldots on input line 486.
LaTeX Info: Redefining \dots on input line 489.
LaTeX Info: Redefining \cdots on input line 610.
\Mathstrutbox@=\box45
\strutbox@=\box46
\big@size=\dimen148
LaTeX Font Info:    Redeclaring font encoding OML on input line 733.
LaTeX Font Info:    Redeclaring font encoding OMS on input line 734.
\macc@depth=\count189
\c@MaxMatrixCols=\count190
\dotsspace@=\muskip16
\c@parentequation=\count191
\dspbrk@lvl=\count192
\tag@help=\toks19
\row@=\count193
\column@=\count194
\maxfields@=\count195
\andhelp@=\toks20
\eqnshift@=\dimen149
\alignsep@=\dimen150
\tagshift@=\dimen151
\tagwidth@=\dimen152
\totwidth@=\dimen153
\lineht@=\dimen154
\@envbody=\toks21
\multlinegap=\skip53
\multlinetaggap=\skip54
\mathdisplay@stack=\toks22
LaTeX Info: Redefining \[ on input line 2859.
LaTeX Info: Redefining \] on input line 2860.
)
LaTeX Info: Thecontrolsequence`\('isalreadyrobust on input line 129.
LaTeX Info: Thecontrolsequence`\)'isalreadyrobust on input line 129.
LaTeX Info: Thecontrolsequence`\['isalreadyrobust on input line 129.
LaTeX Info: Thecontrolsequence`\]'isalreadyrobust on input line 129.
\g_MT_multlinerow_int=\count196
\l_MT_multwidth_dim=\dimen155
\origjot=\skip55
\l_MT_shortvdotswithinadjustabove_dim=\dimen156
\l_MT_shortvdotswithinadjustbelow_dim=\dimen157
\l_MT_above_intertext_sep=\dimen158
\l_MT_below_intertext_sep=\dimen159
\l_MT_above_shortintertext_sep=\dimen160
\l_MT_below_shortintertext_sep=\dimen161
)
(/usr/share/texlive/texmf-dist/tex/latex/hyperref/hyperref.sty
Package: hyperref 2020/01/14 v7.00d Hypertext links for LaTeX

(/usr/share/texlive/texmf-dist/tex/generic/ltxcmds/ltxcmds.sty
Package: ltxcmds 2019/12/15 v1.24 LaTeX kernel commands for general use (HO)
)
(/usr/share/texlive/texmf-dist/tex/latex/pdftexcmds/pdftexcmds.sty
Package: pdftexcmds 2019/11/24 v0.31 Utility functions of pdfTeX for LuaTeX (HO
)

(/usr/share/texlive/texmf-dist/tex/generic/infwarerr/infwarerr.sty
Package: infwarerr 2019/12/03 v1.5 Providing info/warning/error messages (HO)
)
Package pdftexcmds Info: \pdf@primitive is available.
Package pdftexcmds Info: \pdf@ifprimitive is available.
Package pdftexcmds Info: \pdfdraftmode found.
)
(/usr/share/texlive/texmf-dist/tex/generic/kvsetkeys/kvsetkeys.sty
Package: kvsetkeys 2019/12/15 v1.18 Key value parser (HO)
)
(/usr/share/texlive/texmf-dist/tex/generic/kvdefinekeys/kvdefinekeys.sty
Package: kvdefinekeys 2019-12-19 v1.6 Define keys (HO)
)
(/usr/share/texlive/texmf-dist/tex/generic/pdfescape/pdfescape.sty
Package: pdfescape 2019/12/09 v1.15 Implements pdfTeX's escape features (HO)
)
(/usr/share/texlive/texmf-dist/tex/latex/hycolor/hycolor.sty
Package: hycolor 2020-01-27 v1.10 Color options for hyperref/bookmark (HO)
)
(/usr/share/texlive/texmf-dist/tex/latex/letltxmacro/letltxmacro.sty
Package: letltxmacro 2019/12/03 v1.6 Let assignment for LaTeX macros (HO)
)
(/usr/share/texlive/texmf-dist/tex/latex/auxhook/auxhook.sty
Package: auxhook 2019-12-17 v1.6 Hooks for auxiliary files (HO)
)
(/usr/share/texlive/texmf-dist/tex/latex/kvoptions/kvoptions.sty
Package: kvoptions 2019/11/29 v3.13 Key value format for package options (HO)
)
\@linkdim=\dimen162
\Hy@linkcounter=\count197
\Hy@pagecounter=\count198

(/usr/share/texlive/texmf-dist/tex/latex/hyperref/pd1enc.def
File: pd1enc.def 2020/01/14 v7.00d Hyperref: PDFDocEncoding definition (HO)
Now handling font encoding PD1 ...
... no UTF-8 mapping file for font encoding PD1
)
(/usr/share/texlive/texmf-dist/tex/generic/intcalc/intcalc.sty
Package: intcalc 2019/12/15 v1.3 Expandable calculations with integers (HO)
)
(/usr/share/texlive/texmf-dist/tex/generic/etexcmds/etexcmds.sty
Package: etexcmds 2019/12/15 v1.7 Avoid name clashes with e-TeX commands (HO)
)
\Hy@SavedSpaceFactor=\count199
\pdfmajorversion=\count266
Package hyperref Info: Option `unicode' set `true' on input line 3502.

(/usr/share/texlive/texmf-dist/tex/latex/hyperref/puenc.def
File: puenc.def 2020/01/14 v7.00d Hyperref: PDF Unicode definition (HO)
Now handling font encoding PU ...
... no UTF-8 mapping file for font encoding PU
)
Package hyperref Info: Hyper figures OFF on input line 4547.
Package hyperref Info: Link nesting OFF on input line 4552.
Package hyperref Info: Hyper index ON on input line 4555.
Package hyperref Info: Plain pages OFF on input line 4562.
Package hyperref Info: Backreferencing OFF on input line 4567.
Package hyperref Info: Implicit mode ON; LaTeX internals redefined.
Package hyperref Info: Bookmarks ON on input line 4800.
\c@Hy@tempcnt=\count267

(/usr/share/texlive/texmf-dist/tex/latex/url/url.sty
\Urlmuskip=\muskip17
Package: url 2013/09/16  ver 3.4  Verb mode for urls, etc.
)
LaTeX Info: Redefining \url on input line 5159.
\XeTeXLinkMargin=\dimen163

(/usr/share/texlive/texmf-dist/tex/generic/bitset/bitset.sty
Package: bitset 2019/12/09 v1.3 Handle bit-vector datatype (HO)

(/usr/share/texlive/texmf-dist/tex/generic/bigintcalc/bigintcalc.sty
Package: bigintcalc 2019/12/15 v1.5 Expandable calculations on big integers (HO
)
))
\Fld@menulength=\count268
\Field@Width=\dimen164
\Fld@charsize=\dimen165
Package hyperref Info: Hyper figures OFF on input line 6430.
Package hyperref Info: Link nesting OFF on input line 6435.
Package hyperref Info: Hyper index ON on input line 6438.
Package hyperref Info: backreferencing OFF on input line 6445.
Package hyperref Info: Link coloring OFF on input line 6450.
Package hyperref Info: Link coloring with OCG OFF on input line 6455.
Package hyperref Info: PDF/A mode OFF on input line 6460.
LaTeX Info: Redefining \ref on input line 6500.
LaTeX Info: Redefining \pageref on input line 6504.

(/usr/share/texlive/texmf-dist/tex/generic/atbegshi/atbegshi.sty
Package: atbegshi 2019/12/05 v1.19 At begin shipout hook (HO)
)
\Hy@abspage=\count269
\c@Item=\count270
\c@Hfootnote=\count271
)
Package hyperref Info: Driver (autodetected): hpdftex.

(/usr/share/texlive/texmf-dist/tex/latex/hyperref/hpdftex.def
File: hpdftex.def 2020/01/14 v7.00d Hyperref driver for pdfTeX

(/usr/share/texlive/texmf-dist/tex/latex/atveryend/atveryend.sty
Package: atveryend 2019-12-11 v1.11 Hooks at the very end of document (HO)
Package atveryend Info: \enddocument detected (standard20110627).
)
\Fld@listcount=\count272
\c@bookmark@seq@number=\count273

(/usr/share/texlive/texmf-dist/tex/latex/rerunfilecheck/rerunfilecheck.sty
Package: rerunfilecheck 2019/12/05 v1.9 Rerun checks for auxiliary files (HO)

(/usr/share/texlive/texmf-dist/tex/generic/uniquecounter/uniquecounter.sty
Package: uniquecounter 2019/12/15 v1.4 Provide unlimited unique counter (HO)
)
Package uniquecounter Info: New unique counter `rerunfilecheck' on input line 2
86.
)
\Hy@SectionHShift=\skip56
)
(/usr/share/texlive/texmf-dist/tex/latex/tools/tabularx.sty
Package: tabularx 2020/01/15 v2.11c `tabularx' package (DPC)

(/usr/share/texlive/texmf-dist/tex/latex/tools/array.sty
Package: array 2019/08/31 v2.4l Tabular extension package (FMi)
\col@sep=\dimen166
\ar@mcellbox=\box47
\extrarowheight=\dimen167
\NC@list=\toks23
\extratabsurround=\skip57
\backup@length=\skip58
\ar@cellbox=\box48
)
\TX@col@width=\dimen168
\TX@old@table=\dimen169
\TX@old@col=\dimen170
\TX@target=\dimen171
\TX@delta=\dimen172
\TX@cols=\count274
\TX@ftn=\toks24
)
(/usr/share/texlive/texmf-dist/tex/latex/graphics/graphicx.sty
Package: graphicx 2019/11/30 v1.2a Enhanced LaTeX Graphics (DPC,SPQR)

(/usr/share/texlive/texmf-dist/tex/latex/graphics/graphics.sty
Package: graphics 2019/11/30 v1.4a Standard LaTeX Graphics (DPC,SPQR)

(/usr/share/texlive/texmf-dist/tex/latex/graphics/trig.sty
Package: trig 2016/01/03 v1.10 sin cos tan (DPC)
)
(/usr/share/texlive/texmf-dist/tex/latex/graphics-cfg/graphics.cfg
File: graphics.cfg 2016/06/04 v1.11 sample graphics configuration
)
Package graphics Info: Driver file: pdftex.def on input line 105.

(/usr/share/texlive/texmf-dist/tex/latex/graphics-def/pdftex.def
File: pdftex.def 2018/01/08 v1.0l Graphics/color driver for pdftex
))
\Gin@req@height=\dimen173
\Gin@req@width=\dimen174
)
(/usr/share/texlive/texmf-dist/tex/latex/caption/caption.sty
Package: caption 2020/01/03 v3.4h Customizing captions (AR)

(/usr/share/texlive/texmf-dist/tex/latex/caption/caption3.sty
Package: caption3 2020/01/03 v1.8h caption3 kernel (AR)
Package caption3 Info: TeX engine: e-TeX on input line 61.
\captionmargin=\dimen175
\captionmargin@=\dimen176
\captionwidth=\dimen177
\caption@tempdima=\dimen178
\caption@indent=\dimen179
\caption@parindent=\dimen180
\caption@hangindent=\dimen181
Package caption Info: Standard document class detected.
)
\c@caption@flags=\count275
\c@continuedfloat=\count276
Package caption Info: hyperref package is loaded.
)
(/usr/share/texlive/texmf-dist/tex/latex/listings/listings.sty
\lst@mode=\count277
\lst@gtempboxa=\box49
\lst@token=\toks25
\lst@length=\count278
\lst@currlwidth=\dimen182
\lst@column=\count279
\lst@pos=\count280
\lst@lostspace=\dimen183
\lst@width=\dimen184
\lst@newlines=\count281
\lst@lineno=\count282
\lst@maxwidth=\dimen185

(/usr/share/texlive/texmf-dist/tex/latex/listings/lstmisc.sty
File: lstmisc.sty 2019/09/10 1.8c (Carsten Heinz)
\c@lstnumber=\count283
\lst@skipnumbers=\count284
\lst@framebox=\box50
)
(/usr/share/texlive/texmf-dist/tex/latex/listings/listings.cfg
File: listings.cfg 2019/09/10 1.8c listings configuration
))
Package: listings 2019/09/10 1.8c (Carsten Heinz)

(/usr/share/texlive/texmf-dist/tex/latex/float/float.sty
Package: float 2001/11/08 v1.3d Float enhancements (AL)
\c@float@type=\count285
\float@exts=\toks26
\float@box=\box51
\@float@everytoks=\toks27
\@floatcapt=\box52
)
(/usr/share/texlive/texmf-dist/tex/latex/awesomebox/awesomebox.sty
Package: awesomebox 2019/07/27 v0.6

(/usr/share/texlive/texmf-dist/tex/latex/fontawesome5/fontawesome5.sty
(/usr/share/texlive/texmf-dist/tex/latex/l3kernel/expl3.sty
Package: expl3 2020-02-14 L3 programming layer (loader) 

(/usr/share/texlive/texmf-dist/tex/latex/l3backend/l3backend-pdfmode.def
File: l3backend-pdfmode.def 2020-02-03 L3 backend support: PDF mode
\l__kernel_color_stack_int=\count286
\l__pdf_internal_box=\box53
))
Package: fontawesome5 2020/01/17 v5.12.0.1 Font Awesome 5

(/usr/share/texlive/texmf-dist/tex/latex/l3packages/l3keys2e/l3keys2e.sty
Package: l3keys2e 2020-02-14 LaTeX2e option processing using LaTeX3 keys
)
(/usr/share/texlive/texmf-dist/tex/latex/l3packages/xparse/xparse.sty
Package: xparse 2020-02-14 L3 Experimental document command parser
\l__xparse_current_arg_int=\count287
\g__xparse_grabber_int=\count288
\l__xparse_m_args_int=\count289
\l__xparse_v_nesting_int=\count290
)
(/usr/share/texlive/texmf-dist/tex/latex/fontawesome5/fontawesome5-generic-help
er.sty
Package: fontawesome5-generic-helper 2020/01/17 v5.12.0.1 non-uTeX helper for f
ontawesome5

(/usr/share/texlive/texmf-dist/tex/latex/fontawesome5/fontawesome5-mapping.def)
)) (/usr/share/texlive/texmf-dist/tex/latex/xcolor/xcolor.sty
Package: xcolor 2016/05/11 v2.12 LaTeX color extensions (UK)

(/usr/share/texlive/texmf-dist/tex/latex/graphics-cfg/color.cfg
File: color.cfg 2016/01/02 v1.6 sample color configuration
)
Package xcolor Info: Driver file: pdftex.def on input line 225.
Package xcolor Info: Model `cmy' substituted by `cmy0' on input line 1348.
Package xcolor Info: Model `hsb' substituted by `rgb' on input line 1352.
Package xcolor Info: Model `RGB' extended on input line 1364.
Package xcolor Info: Model `HTML' substituted by `rgb' on input line 1366.
Package xcolor Info: Model `Hsb' substituted by `hsb' on input line 1367.
Package xcolor Info: Model `tHsb' substituted by `hsb' on input line 1368.
Package xcolor Info: Model `HSB' substituted by `hsb' on input line 1369.
Package xcolor Info: Model `Gray' substituted by `gray' on input line 1370.
Package xcolor Info: Model `wave' substituted by `hsb' on input line 1371.
)
\aweboxleftmargin=\skip59
\aweboxcontentwidth=\skip60
\aweboxvskip=\skip61
\aweboxsignraise=\skip62
\aweboxrulewidth=\skip63

(/usr/share/texlive/texmf-dist/tex/latex/base/ifthen.sty
Package: ifthen 2014/09/29 v1.1c Standard LaTeX ifthen package (DPC)
)
\aweboxlinewidthvar=\skip64
\aweboxlinewidthref=\skip65
))

LaTeX Warning: Unused global option(s):
    [14pt].


(/home/geomer198/–†–∞–±–æ—á–∏–π —Å—Ç–æ–ª/–í—ã—á–ú–∞—Ç (–ö–æ–º–ø—å—é—Ç–µ—Ä–Ω–∞—è
 –º–∞—Ç–µ–º–∞—Ç–∏–∫–∞)/2/out/main.aux)
\openout1 = `main.aux'.

LaTeX Font Info:    Checking defaults for OML/cmm/m/it on input line 7.
LaTeX Font Info:    ... okay on input line 7.
LaTeX Font Info:    Checking defaults for OMS/cmsy/m/n on input line 7.
LaTeX Font Info:    ... okay on input line 7.
LaTeX Font Info:    Checking defaults for OT1/cmr/m/n on input line 7.
LaTeX Font Info:    ... okay on input line 7.
LaTeX Font Info:    Checking defaults for T1/cmr/m/n on input line 7.
LaTeX Font Info:    ... okay on input line 7.
LaTeX Font Info:    Checking defaults for TS1/cmr/m/n on input line 7.
LaTeX Font Info:    ... okay on input line 7.
LaTeX Font Info:    Checking defaults for OMX/cmex/m/n on input line 7.
LaTeX Font Info:    ... okay on input line 7.
LaTeX Font Info:    Checking defaults for U/cmr/m/n on input line 7.
LaTeX Font Info:    ... okay on input line 7.
LaTeX Font Info:    Checking defaults for T2A/cmr/m/n on input line 7.
LaTeX Font Info:    ... okay on input line 7.
LaTeX Font Info:    Checking defaults for PD1/pdf/m/n on input line 7.
LaTeX Font Info:    ... okay on input line 7.
LaTeX Font Info:    Checking defaults for PU/pdf/m/n on input line 7.
LaTeX Font Info:    ... okay on input line 7.

*geometry* driver: auto-detecting
*geometry* detected driver: pdftex
*geometry* verbose mode - [ preamble ] result:
* driver: pdftex
* paper: a4paper
* layout: <same size as paper>
* layoutoffset:(h,v)=(0.0pt,0.0pt)
* modes: 
* h-part:(L,W,R)=(85.35826pt, 483.69687pt, 28.45274pt)
* v-part:(T,H,B)=(56.9055pt, 731.23584pt, 56.9055pt)
* \paperwidth=597.50787pt
* \paperheight=845.04684pt
* \textwidth=483.69687pt
* \textheight=731.23584pt
* \oddsidemargin=13.08827pt
* \evensidemargin=13.08827pt
* \topmargin=-52.36449pt
* \headheight=12.0pt
* \headsep=25.0pt
* \topskip=10.0pt
* \footskip=30.0pt
* \marginparwidth=57.0pt
* \marginparsep=11.0pt
* \columnsep=10.0pt
* \skip\footins=9.0pt plus 4.0pt minus 2.0pt
* \hoffset=0.0pt
* \voffset=0.0pt
* \mag=1000
* \@twocolumnfalse
* \@twosidefalse
* \@mparswitchfalse
* \@reversemarginfalse
* (1in=72.27pt=25.4mm, 1cm=28.453pt)

\AtBeginShipoutBox=\box54
Package hyperref Info: Link coloring OFF on input line 7.
(/usr/share/texlive/texmf-dist/tex/latex/hyperref/nameref.sty
Package: nameref 2019/09/16 v2.46 Cross-referencing by name of section

(/usr/share/texlive/texmf-dist/tex/latex/refcount/refcount.sty
Package: refcount 2019/12/15 v3.6 Data extraction from label references (HO)
)
(/usr/share/texlive/texmf-dist/tex/generic/gettitlestring/gettitlestring.sty
Package: gettitlestring 2019/12/15 v1.6 Cleanup title references (HO)
)
\c@section@level=\count291
)
LaTeX Info: Redefining \ref on input line 7.
LaTeX Info: Redefining \pageref on input line 7.
LaTeX Info: Redefining \nameref on input line 7.

(/home/geomer198/–†–∞–±–æ—á–∏–π —Å—Ç–æ–ª/–í—ã—á–ú–∞—Ç (–ö–æ–º–ø—å—é—Ç–µ—Ä–Ω–∞—è
 –º–∞—Ç–µ–º–∞—Ç–∏–∫–∞)/2/out/main.out)
(/home/geomer198/–†–∞–±–æ—á–∏–π —Å—Ç–æ–ª/–í—ã—á–ú–∞—Ç (–ö–æ–º–ø—å—é—Ç–µ—Ä–Ω–∞—è
 –º–∞—Ç–µ–º–∞—Ç–∏–∫–∞)/2/out/main.out)
\@outlinefile=\write3
\openout3 = `main.out'.


(/usr/share/texlive/texmf-dist/tex/context/base/mkii/supp-pdf.mkii
[Loading MPS to PDF converter (version 2006.09.02).]
\scratchcounter=\count292
\scratchdimen=\dimen186
\scratchbox=\box55
\nofMPsegments=\count293
\nofMParguments=\count294
\everyMPshowfont=\toks28
\MPscratchCnt=\count295
\MPscratchDim=\dimen187
\MPnumerator=\count296
\makeMPintoPDFobject=\count297
\everyMPtoPDFconversion=\toks29
) (/usr/share/texlive/texmf-dist/tex/latex/epstopdf-pkg/epstopdf-base.sty
Package: epstopdf-base 2020-01-24 v2.11 Base part for package epstopdf
Package epstopdf-base Info: Redefining graphics rule for `.eps' on input line 4
85.

(/usr/share/texlive/texmf-dist/tex/latex/latexconfig/epstopdf-sys.cfg
File: epstopdf-sys.cfg 2010/07/13 v1.3 Configuration of (r)epstopdf for TeX Liv
e
))
Package caption Info: Begin \AtBeginDocument code.
Package caption Info: float package is loaded.
Package caption Info: listings package is loaded.
Package caption Info: End \AtBeginDocument code.
\c@lstlisting=\count298

(./body/title.tex
./body/title.tex:19: Misplaced alignment tab character &.
l.19 ... —Å—Ç—É–¥–µ–Ω—Ç –≥—Ä—É–ø–ø—ã –ò–í–¢–º-11 &
                                                   \hrulefill /–®—É—Ä—É–ø–æ–...
I can't figure out why you would want to use a tab mark
here. If you just want an ampersand, the remedy is
simple: Just type `I\&' now. But if some right brace
up above has ended a previous alignment prematurely,
you're probably due for more error messages, and you
might try typing `S' now just to see what is salvageable.

./body/title.tex:20: Misplaced alignment tab character &.
l.20 ...Ä–∏–ª –¥–æ—Ü–µ–Ω—Ç –∫–∞—Ñ–µ–¥—Ä—ã –≠–í–ú &
                                                   \hrulefill  /–ò—Å—É–ø–æ–≤...
I can't figure out why you would want to use a tab mark
here. If you just want an ampersand, the remedy is
simple: Just type `I\&' now. But if some right brace
up above has ended a previous alignment prematurely,
you're probably due for more error messages, and you
might try typing `S' now just to see what is salvageable.

[1

{/var/lib/texmf/fonts/map/pdftex/updmap/pdftex.map}]) (./body/objective.tex)
(./body/progress.tex (./body/task/task_11_1.tex<<ot1.cmap>><<oml.cmap>><<oms.cm
ap>><<omx.cmap>>
<body/img/1.png, id=16, 743.77875pt x 280.04625pt>
File: body/img/1.png Graphic file (type png)
<use body/img/1.png>
Package pdftex.def Info: body/img/1.png  used on input line 10.
(pdftex.def)             Requested size: 520.64157pt x 196.03102pt.

Overfull \hbox (36.9447pt too wide) in paragraph at lines 10--12
 [][] 
 []

) (./body/task/task_11_2.tex
./body/task/task_11_2.tex:4: Undefined control sequence.
l.4     \lim_{x\to\0
                    }\frac{\sin x}{x} = 1 ;
The control sequence at the end of the top line
of your error message was never \def'ed. If you have
misspelled it (e.g., `\hobx'), type `I' and the correct
spelling (e.g., `I\hbox'). Otherwise just continue,
and I'll forget about whatever was undefined.

<body/img/2.png, id=18, 388.45125pt x 211.79124pt>
File: body/img/2.png Graphic file (type png)
<use body/img/2.png>
Package pdftex.def Info: body/img/2.png  used on input line 10.
(pdftex.def)             Requested size: 271.914pt x 148.25285pt.
) (./body/task/task_11_3.tex
<body/img/3.png, id=19, 364.36125pt x 138.5175pt>
File: body/img/3.png Graphic file (type png)
<use body/img/3.png>
Package pdftex.def Info: body/img/3.png  used on input line 6.
(pdftex.def)             Requested size: 255.05113pt x 96.96158pt.
) (./body/task/task_11_4.tex [2 <./body/img/1.png> <./body/img/2.png>]
<body/img/4.png, id=42, 414.54875pt x 253.94875pt>
File: body/img/4.png Graphic file (type png)
<use body/img/4.png>
Package pdftex.def Info: body/img/4.png  used on input line 7.
(pdftex.def)             Requested size: 290.18214pt x 177.76291pt.
) (./body/task/task_11_5.tex
<body/img/5.png, id=43, 635.37375pt x 331.2375pt>
File: body/img/5.png Graphic file (type png)
<use body/img/5.png>
Package pdftex.def Info: body/img/5.png  used on input line 11.
(pdftex.def)             Requested size: 444.75859pt x 231.86465pt.
) (./body/task/task_11_6.tex
<body/img/6_1.png, id=44, 587.19376pt x 696.6025pt>
File: body/img/6_1.png Graphic file (type png)
<use body/img/6_1.png>
Package pdftex.def Info: body/img/6_1.png  used on input line 7.
(pdftex.def)             Requested size: 411.03282pt x 487.61842pt.

[3 <./body/img/3.png> <./body/img/4.png> <./body/img/5.png>]
<body/img/6_2.png, id=57, 621.32124pt x 857.2025pt>
File: body/img/6_2.png Graphic file (type png)
<use body/img/6_2.png>
Package pdftex.def Info: body/img/6_2.png  used on input line 13.
(pdftex.def)             Requested size: 434.9219pt x 600.03766pt.
 [4 <./body/img/6_1.png>]
<body/img/6_3.png, id=65, 321.2pt x 712.6625pt>
File: body/img/6_3.png Graphic file (type png)
<use body/img/6_3.png>
Package pdftex.def Info: body/img/6_3.png  used on input line 19.
(pdftex.def)             Requested size: 224.83847pt x 498.86035pt.
) (./body/task/task_11_7.tex [5 <./body/img/6_2.png>]
<body/img/7_1.png, id=72, 560.0925pt x 848.16875pt>
File: body/img/7_1.png Graphic file (type png)
<use body/img/7_1.png>
Package pdftex.def Info: body/img/7_1.png  used on input line 10.
(pdftex.def)             Requested size: 392.06207pt x 593.71408pt.
 [6 <./body/img/6_3.png>]
<body/img/7_2.png, id=80, 480.79625pt x 830.10126pt>
File: body/img/7_2.png Graphic file (type png)
<use body/img/7_2.png>
Package pdftex.def Info: body/img/7_2.png  used on input line 16.
(pdftex.def)             Requested size: 336.55507pt x 581.06693pt.
 [7 <./body/img/7_1.png>]
<body/img/7_3.png, id=88, 413.545pt x 844.15375pt>
File: body/img/7_3.png Graphic file (type png)
<use body/img/7_3.png>
Package pdftex.def Info: body/img/7_3.png  used on input line 22.
(pdftex.def)             Requested size: 289.4795pt x 590.9036pt.
) (./body/task/task_self_1.tex [8 <./body/img/7_2.png>] [9 <./body/img/7_3.png>
]
<body/img/self_1_1.png, id=101, 480.79625pt x 104.39pt>
File: body/img/self_1_1.png Graphic file (type png)
<use body/img/self_1_1.png>
Package pdftex.def Info: body/img/self_1_1.png  used on input line 10.
(pdftex.def)             Requested size: 336.55507pt x 73.07248pt.
<body/img/self_1_2.png, id=102, 516.93124pt x 206.7725pt>
File: body/img/self_1_2.png Graphic file (type png)
<use body/img/self_1_2.png>
Package pdftex.def Info: body/img/self_1_2.png  used on input line 18.
(pdftex.def)             Requested size: 361.8494pt x 144.73975pt.
<body/img/self_1_3.png, id=103, 372.39125pt x 142.5325pt>
File: body/img/self_1_3.png Graphic file (type png)
<use body/img/self_1_3.png>
Package pdftex.def Info: body/img/self_1_3.png  used on input line 25.
(pdftex.def)             Requested size: 260.67209pt x 99.77205pt.
<body/img/self_1_4.png, id=104, 322.20375pt x 118.4425pt>
File: body/img/self_1_4.png Graphic file (type png)
<use body/img/self_1_4.png>
Package pdftex.def Info: body/img/self_1_4.png  used on input line 32.
(pdftex.def)             Requested size: 225.54108pt x 82.90916pt.
 [10 <./body/img/self_1_1.png> <./body/img/self_1_2.png> <./body/img/self_1_3.p
ng>]
<body/img/self_1_5.png, id=121, 465.74pt x 128.48pt>
File: body/img/self_1_5.png Graphic file (type png)
<use body/img/self_1_5.png>
Package pdftex.def Info: body/img/self_1_5.png  used on input line 40.
(pdftex.def)             Requested size: 326.01578pt x 89.93538pt.
<body/img/self_1_6.png, id=122, 707.64375pt x 850.17625pt>
File: body/img/self_1_6.png Graphic file (type png)
<use body/img/self_1_6.png>
Package pdftex.def Info: body/img/self_1_6.png  used on input line 47.
(pdftex.def)             Requested size: 495.34726pt x 595.11932pt.

Overfull \hbox (11.65039pt too wide) in paragraph at lines 47--49
 [][] 
 []

[11 <./body/img/self_1_4.png> <./body/img/self_1_5.png>])
(./body/task/task_12_1.tex
Overfull \hbox (21.73526pt too wide) in paragraph at lines 2--3
[]\T2A/cmr/m/n/10 œÓÒÚÓÈÚÂ ‚ ‰ÂÍ‡ÚÓ‚ÓÈ ÒËÒÚÂÏÂ ÍÓÓ‰ËÌ‡Ú „‡ÙËÍË ÒÎÂ‰Û˛˘Ëı ÙÛ
ÌÍˆËÈ (Í‡Ê‰‡ˇ ÙÛÌÍˆËˇ ‡ÒÔÓÎ‡„‡ÂÚÒˇ
 []

[12 <./body/img/self_1_6.png>]
<body/img/12_1.png, id=139, 897.3525pt x 795.97375pt>
File: body/img/12_1.png Graphic file (type png)
<use body/img/12_1.png>
Package pdftex.def Info: body/img/12_1.png  used on input line 14.
(pdftex.def)             Requested size: 448.67514pt x 397.9859pt.
) (./body/task/task_12_2.tex
./body/task/task_12_2.tex:3: Undefined control sequence.
l.3 ...\sin[x^3], \sin[x], \cos[x], \sin[x]\cdot\x
                                                  $ –Ω–∞ –æ—Ç—Ä–µ–∑–∫–µ $[-\...
The control sequence at the end of the top line
of your error message was never \def'ed. If you have
misspelled it (e.g., `\hobx'), type `I' and the correct
spelling (e.g., `I\hbox'). Otherwise just continue,
and I'll forget about whatever was undefined.

[13 <./body/img/12_1.png>]
<body/img/12_2_1.png, id=150, 726.715pt x 763.85374pt>
File: body/img/12_2_1.png Graphic file (type png)
<use body/img/12_2_1.png>
Package pdftex.def Info: body/img/12_2_1.png  used on input line 16.
(pdftex.def)             Requested size: 363.3566pt x 381.92593pt.
<body/img/12_2_2.png, id=151, 712.6625pt x 308.15125pt>
File: body/img/12_2_2.png Graphic file (type png)
<use body/img/12_2_2.png>
Package pdftex.def Info: body/img/12_2_2.png  used on input line 22.
(pdftex.def)             Requested size: 427.6008pt x 184.89217pt.
) (./body/task/task_12_3.tex
<body/img/12_3.png, id=152, 660.4675pt x 558.085pt>
File: body/img/12_3.png Graphic file (type png)
<use body/img/12_3.png>
Package pdftex.def Info: body/img/12_3.png  used on input line 7.
(pdftex.def)             Requested size: 396.28355pt x 334.85359pt.
 [14 <./body/img/12_2_1.png> <./body/img/12_2_2.png>]) (./body/task/task_12_4.t
ex
<body/img/12_4_1.png, id=161, 1268.74pt x 632.3625pt>
File: body/img/12_4_1.png Graphic file (type png)
<use body/img/12_4_1.png>
Package pdftex.def Info: body/img/12_4_1.png  used on input line 22.
(pdftex.def)             Requested size: 507.48701pt x 252.94052pt.

Overfull \hbox (23.79015pt too wide) in paragraph at lines 22--24
 [][] 
 []

[15 <./body/img/12_3.png>]
<body/img/12_4_2.png, id=170, 936.49875pt x 572.1375pt>
File: body/img/12_4_2.png Graphic file (type png)
<use body/img/12_4_2.png>
Package pdftex.def Info: body/img/12_4_2.png  used on input line 28.
(pdftex.def)             Requested size: 468.24823pt x 286.06804pt.
) (./body/task/task_12_5.tex
<body/img/12_5.png, id=171, 937.5025pt x 453.695pt>
File: body/img/12_5.png Graphic file (type png)
<use body/img/12_5.png>
Package pdftex.def Info: body/img/12_5.png  used on input line 13.
(pdftex.def)             Requested size: 468.7501pt x 226.84694pt.
)
(./body/task/task_12_6.tex [16 <./body/img/12_4_1.png> <./body/img/12_4_2.png>]
<body/img/12_6.png, id=181, 1052.93375pt x 324.21124pt>
File: body/img/12_6.png Graphic file (type png)
<use body/img/12_6.png>
Package pdftex.def Info: body/img/12_6.png  used on input line 10.
(pdftex.def)             Requested size: 526.46559pt x 162.10522pt.

Overfull \hbox (42.76872pt too wide) in paragraph at lines 10--12
 [][] 
 []

) (./body/task/task_12_7.tex
<body/img/12_7.png, id=182, 1064.97874pt x 449.68pt>
File: body/img/12_7.png Graphic file (type png)
<use body/img/12_7.png>
Package pdftex.def Info: body/img/12_7.png  used on input line 14.
(pdftex.def)             Requested size: 425.98395pt x 179.8688pt.
) (./body/task/task_self_2.tex [17 <./body/img/12_5.png> <./body/img/12_6.png>]
<body/img/self_2_1.png, id=194, 569.12625pt x 138.5175pt>
File: body/img/self_2_1.png Graphic file (type png)
<use body/img/self_2_1.png>
Package pdftex.def Info: body/img/self_2_1.png  used on input line 7.
(pdftex.def)             Requested size: 398.38567pt x 96.96158pt.
<body/img/self_2_2.png, id=195, 596.2275pt x 555.07375pt>
File: body/img/self_2_2.png Graphic file (type png)
<use body/img/self_2_2.png>
Package pdftex.def Info: body/img/self_2_2.png  used on input line 14.
(pdftex.def)             Requested size: 298.11302pt x 277.53618pt.

Overfull \hbox (10.17955pt too wide) in paragraph at lines 17--19
[]\T2A/cmr/m/n/10 œÓÒÚÓÂÌËÂ „‡ÙËÍ ÙÛÌÍˆËË ˝‚ÓÎ¸‚ÂÌÚ˚ (‡Á‚ÂÚÍË ÓÍÛÊÌÓÒÚË); 
Ô‡‡ÏÂÚ $\OML/cmm/m/it/10 a$ \T2A/cmr/m/n/10 (‡‰ËÛÒ ‡Á‚ºÚ˚‚‡ÂÏÓÈ
 []

[18 <./body/img/12_7.png> <./body/img/self_2_1.png> <./body/img/self_2_2.png>]
<body/img/self_2_3.png, id=210, 875.27pt x 668.4975pt>
File: body/img/self_2_3.png Graphic file (type png)
<use body/img/self_2_3.png>
Package pdftex.def Info: body/img/self_2_3.png  used on input line 27.
(pdftex.def)             Requested size: 437.63393pt x 334.24792pt.
<body/img/self_2_4.png, id=211, 584.1825pt x 488.82625pt>
File: body/img/self_2_4.png Graphic file (type png)
<use body/img/self_2_4.png>
Package pdftex.def Info: body/img/self_2_4.png  used on input line 34.
(pdftex.def)             Requested size: 292.09053pt x 244.41252pt.

[19 <./body/img/self_2_3.png>])) (./body/end.tex)
Package atveryend Info: Empty hook `BeforeClearDocument' on input line 13.
 [20 <./body/img/self_2_4.png>]
Package atveryend Info: Empty hook `AfterLastShipout' on input line 13.

(/home/geomer198/–†–∞–±–æ—á–∏–π —Å—Ç–æ–ª/–í—ã—á–ú–∞—Ç (–ö–æ–º–ø—å—é—Ç–µ—Ä–Ω–∞—è
 –º–∞—Ç–µ–º–∞—Ç–∏–∫–∞)/2/out/main.aux)
Package atveryend Info: Executing hook `AtVeryEndDocument' on input line 13.
Package atveryend Info: Executing hook `AtEndAfterFileList' on input line 13.
Package rerunfilecheck Info: File `main.out' has not changed.
(rerunfilecheck)             Checksum: <no file>.
Package atveryend Info: Empty hook `AtVeryVeryEnd' on input line 13.
 ) 
Here is how much of TeX's memory you used:
 18210 strings out of 482657
 294682 string characters out of 5957839
 534862 words of memory out of 5000000
 32828 multiletter control sequences out of 15000+600000
 537986 words of font info for 33 fonts, out of 8000000 for 9000
 430 hyphenation exceptions out of 8191
 47i,8n,44p,319b,434s stack positions out of 5000i,500n,10000p,200000b,80000s
 </home/geomer198/.texlive2019/texmf-var/fonts/pk/ljfour/jknappen/ec/tcrm1000
.600pk> </home/geomer198/.texlive2019/texmf-var/fonts/pk/ljfour/lh/lh-t2a/labx1
200.600pk> </home/geomer198/.texlive2019/texmf-var/fonts/pk/ljfour/lh/lh-t2a/la
bx1440.600pk> </home/geomer198/.texlive2019/texmf-var/fonts/pk/ljfour/lh/lh-t2a
/labx1000.600pk> </home/geomer198/.texlive2019/texmf-var/fonts/pk/ljfour/lh/lh-
t2a/larm1000.600pk></usr/share/texlive/texmf-dist/fonts/type1/public/amsfonts/c
m/cmex10.pfb></usr/share/texlive/texmf-dist/fonts/type1/public/amsfonts/cm/cmmi
10.pfb></usr/share/texlive/texmf-dist/fonts/type1/public/amsfonts/cm/cmmi5.pfb>
</usr/share/texlive/texmf-dist/fonts/type1/public/amsfonts/cm/cmmi7.pfb></usr/s
hare/texlive/texmf-dist/fonts/type1/public/amsfonts/cm/cmr10.pfb></usr/share/te
xlive/texmf-dist/fonts/type1/public/amsfonts/cm/cmr7.pfb></usr/share/texlive/te
xmf-dist/fonts/type1/public/amsfonts/cm/cmsy10.pfb></usr/share/texlive/texmf-di
st/fonts/type1/public/amsfonts/cm/cmsy7.pfb>
Output written on "/home/geomer198/–†–∞–±–æ—á–∏–π —Å—Ç–æ–ª/–í—ã—á–ú–∞—Ç (–ö–æ–º
–ø—å—é—Ç–µ—Ä–Ω–∞—è –º–∞—Ç–µ–º–∞—Ç–∏–∫–∞)/2/out/main.pdf" (20 pages, 1484574 byt
es).
PDF statistics:
 497 PDF objects out of 1000 (max. 8388607)
 191 compressed objects within 2 object streams
 80 named destinations out of 1000 (max. 500000)
 171 words of extra memory for PDF output out of 10000 (max. 10000000)

