This is pdfTeX, Version 3.14159265-2.6-1.40.20 (TeX Live 2019/Debian) (preloaded format=pdflatex 2022.6.5)  5 SEP 2022 14:23
entering extended mode
 restricted \write18 enabled.
 file:line:error style messages enabled.
 %&-line parsing enabled.
**title.tex
(./title.tex
LaTeX2e <2020-02-02> patch level 2
L3 programming layer <2020-02-14>

./title.tex:2: LaTeX Error: Missing \begin{document}.

See the LaTeX manual or LaTeX Companion for explanation.
Type  H <return>  for immediate help.
 ...                                              
                                                  
l.2 \begin{center}
                  
You're in trouble here.  Try typing  <return>  to proceed.
If that doesn't work, type  X <return>  to quit.


Overfull \hbox (20.0pt too wide) in paragraph at lines 2--2
[] 
 []


./title.tex:3: Package inputenc Error: Unicode character –ú (U+041C)
(inputenc)                not set up for use with LaTeX.

See the inputenc package documentation for explanation.
Type  H <return>  for immediate help.
 ...                                              
                                                  
l.3     –ú
          –ò–ù–ò–°–¢–ï–†–°–¢–í–û –ù–ê–£–ö–ò –ò –í–´–°–®–ï–ì–û –û–ë–†–ê–ó–û–í...

You may provide a definition with
\DeclareUnicodeCharacter 


./title.tex:3: Package inputenc Error: Unicode character –ò (U+0418)
(inputenc)                not set up for use with LaTeX.

See the inputenc package documentation for explanation.
Type  H <return>  for immediate help.
 ...                                              
                                                  
l.3     –ú–ò
            –ù–ò–°–¢–ï–†–°–¢–í–û –ù–ê–£–ö–ò –ò –í–´–°–®–ï–ì–û –û–ë–†–ê–ó–û–í...

You may provide a definition with
\DeclareUnicodeCharacter 


./title.tex:3: Package inputenc Error: Unicode character –ù (U+041D)
(inputenc)                not set up for use with LaTeX.

See the inputenc package documentation for explanation.
Type  H <return>  for immediate help.
 ...                                              
                                                  
l.3     –ú–ò–ù
              –ò–°–¢–ï–†–°–¢–í–û –ù–ê–£–ö–ò –ò –í–´–°–®–ï–ì–û –û–ë–†–ê–ó–û–í...

You may provide a definition with
\DeclareUnicodeCharacter 


./title.tex:3: Package inputenc Error: Unicode character –ò (U+0418)
(inputenc)                not set up for use with LaTeX.

See the inputenc package documentation for explanation.
Type  H <return>  for immediate help.
 ...                                              
                                                  
l.3     –ú–ò–ù–ò
                –°–¢–ï–†–°–¢–í–û –ù–ê–£–ö–ò –ò –í–´–°–®–ï–ì–û –û–ë–†–ê–ó–û–í...

You may provide a definition with
\DeclareUnicodeCharacter 


./title.tex:3: Package inputenc Error: Unicode character –° (U+0421)
(inputenc)                not set up for use with LaTeX.

See the inputenc package documentation for explanation.
Type  H <return>  for immediate help.
 ...                                              
                                                  
l.3     –ú–ò–ù–ò–°
                  –¢–ï–†–°–¢–í–û –ù–ê–£–ö–ò –ò –í–´–°–®–ï–ì–û –û–ë–†–ê–ó–û–í...

You may provide a definition with
\DeclareUnicodeCharacter 


./title.tex:3: Package inputenc Error: Unicode character –¢ (U+0422)
(inputenc)                not set up for use with LaTeX.

See the inputenc package documentation for explanation.
Type  H <return>  for immediate help.
 ...                                              
                                                  
l.3     –ú–ò–ù–ò–°–¢
                    –ï–†–°–¢–í–û –ù–ê–£–ö–ò –ò –í–´–°–®–ï–ì–û –û–ë–†–ê–ó–û–í...

You may provide a definition with
\DeclareUnicodeCharacter 


./title.tex:3: Package inputenc Error: Unicode character –ï (U+0415)
(inputenc)                not set up for use with LaTeX.

See the inputenc package documentation for explanation.
Type  H <return>  for immediate help.
 ...                                              
                                                  
l.3     –ú–ò–ù–ò–°–¢–ï
                      –†–°–¢–í–û –ù–ê–£–ö–ò –ò –í–´–°–®–ï–ì–û –û–ë–†–ê–ó–û–í...

You may provide a definition with
\DeclareUnicodeCharacter 


./title.tex:3: Package inputenc Error: Unicode character –† (U+0420)
(inputenc)                not set up for use with LaTeX.

See the inputenc package documentation for explanation.
Type  H <return>  for immediate help.
 ...                                              
                                                  
l.3     –ú–ò–ù–ò–°–¢–ï–†
                        –°–¢–í–û –ù–ê–£–ö–ò –ò –í–´–°–®–ï–ì–û –û–ë–†–ê–ó–û–í...

You may provide a definition with
\DeclareUnicodeCharacter 


./title.tex:3: Package inputenc Error: Unicode character –° (U+0421)
(inputenc)                not set up for use with LaTeX.

See the inputenc package documentation for explanation.
Type  H <return>  for immediate help.
 ...                                              
                                                  
l.3     –ú–ò–ù–ò–°–¢–ï–†–°
                          –¢–í–û –ù–ê–£–ö–ò –ò –í–´–°–®–ï–ì–û –û–ë–†–ê–ó–û–í...

You may provide a definition with
\DeclareUnicodeCharacter 


./title.tex:3: Package inputenc Error: Unicode character –¢ (U+0422)
(inputenc)                not set up for use with LaTeX.

See the inputenc package documentation for explanation.
Type  H <return>  for immediate help.
 ...                                              
                                                  
l.3     –ú–ò–ù–ò–°–¢–ï–†–°–¢
                            –í–û –ù–ê–£–ö–ò –ò –í–´–°–®–ï–ì–û –û–ë–†–ê–ó–û–í...

You may provide a definition with
\DeclareUnicodeCharacter 


./title.tex:3: Package inputenc Error: Unicode character –í (U+0412)
(inputenc)                not set up for use with LaTeX.

See the inputenc package documentation for explanation.
Type  H <return>  for immediate help.
 ...                                              
                                                  
l.3     –ú–ò–ù–ò–°–¢–ï–†–°–¢–í
                              –û –ù–ê–£–ö–ò –ò –í–´–°–®–ï–ì–û –û–ë–†–ê–ó–û–í...

You may provide a definition with
\DeclareUnicodeCharacter 


./title.tex:3: Package inputenc Error: Unicode character –û (U+041E)
(inputenc)                not set up for use with LaTeX.

See the inputenc package documentation for explanation.
Type  H <return>  for immediate help.
 ...                                              
                                                  
l.3     –ú–ò–ù–ò–°–¢–ï–†–°–¢–í–û
                                 –ù–ê–£–ö–ò –ò –í–´–°–®–ï–ì–û –û–ë–†–ê–ó–û–í...

You may provide a definition with
\DeclareUnicodeCharacter 


./title.tex:3: Package inputenc Error: Unicode character –ù (U+041D)
(inputenc)                not set up for use with LaTeX.

See the inputenc package documentation for explanation.
Type  H <return>  for immediate help.
 ...                                              
                                                  
l.3     –ú–ò–ù–ò–°–¢–ï–†–°–¢–í–û –ù
                                   –ê–£–ö–ò –ò –í–´–°–®–ï–ì–û –û–ë–†–ê–ó–û–í...

You may provide a definition with
\DeclareUnicodeCharacter 


./title.tex:3: Package inputenc Error: Unicode character –ê (U+0410)
(inputenc)                not set up for use with LaTeX.

See the inputenc package documentation for explanation.
Type  H <return>  for immediate help.
 ...                                              
                                                  
l.3     –ú–ò–ù–ò–°–¢–ï–†–°–¢–í–û –ù–ê
                                     –£–ö–ò –ò –í–´–°–®–ï–ì–û –û–ë–†–ê–ó–û–í...

You may provide a definition with
\DeclareUnicodeCharacter 


./title.tex:3: Package inputenc Error: Unicode character –£ (U+0423)
(inputenc)                not set up for use with LaTeX.

See the inputenc package documentation for explanation.
Type  H <return>  for immediate help.
 ...                                              
                                                  
l.3     –ú–ò–ù–ò–°–¢–ï–†–°–¢–í–û –ù–ê–£
                                       –ö–ò –ò –í–´–°–®–ï–ì–û –û–ë–†–ê–ó–û–í...

You may provide a definition with
\DeclareUnicodeCharacter 


./title.tex:3: Package inputenc Error: Unicode character –ö (U+041A)
(inputenc)                not set up for use with LaTeX.

See the inputenc package documentation for explanation.
Type  H <return>  for immediate help.
 ...                                              
                                                  
l.3     –ú–ò–ù–ò–°–¢–ï–†–°–¢–í–û –ù–ê–£–ö
                                         –ò –ò –í–´–°–®–ï–ì–û –û–ë–†–ê–ó–û–í...

You may provide a definition with
\DeclareUnicodeCharacter 


./title.tex:3: Package inputenc Error: Unicode character –ò (U+0418)
(inputenc)                not set up for use with LaTeX.

See the inputenc package documentation for explanation.
Type  H <return>  for immediate help.
 ...                                              
                                                  
l.3     –ú–ò–ù–ò–°–¢–ï–†–°–¢–í–û –ù–ê–£–ö–ò
                                            –ò –í–´–°–®–ï–ì–û –û–ë–†–ê–ó–û–í...

You may provide a definition with
\DeclareUnicodeCharacter 


./title.tex:3: Package inputenc Error: Unicode character –ò (U+0418)
(inputenc)                not set up for use with LaTeX.

See the inputenc package documentation for explanation.
Type  H <return>  for immediate help.
 ...                                              
                                                  
l.3     –ú–ò–ù–ò–°–¢–ï–†–°–¢–í–û –ù–ê–£–ö–ò –ò
                                               –í–´–°–®–ï–ì–û –û–ë–†–ê–ó–û–í...

You may provide a definition with
\DeclareUnicodeCharacter 


./title.tex:3: Package inputenc Error: Unicode character –í (U+0412)
(inputenc)                not set up for use with LaTeX.

See the inputenc package documentation for explanation.
Type  H <return>  for immediate help.
 ...                                              
                                                  
l.3     –ú–ò–ù–ò–°–¢–ï–†–°–¢–í–û –ù–ê–£–ö–ò –ò –í
                                                 –´–°–®–ï–ì–û –û–ë–†–ê–ó–û–í...

You may provide a definition with
\DeclareUnicodeCharacter 


./title.tex:3: Package inputenc Error: Unicode character –´ (U+042B)
(inputenc)                not set up for use with LaTeX.

See the inputenc package documentation for explanation.
Type  H <return>  for immediate help.
 ...                                              
                                                  
l.3 ...–ú–ò–ù–ò–°–¢–ï–†–°–¢–í–û –ù–ê–£–ö–ò –ò –í–´
                                                  –°–®–ï–ì–û –û–ë–†–ê–ó–û–í–...

You may provide a definition with
\DeclareUnicodeCharacter 


./title.tex:3: Package inputenc Error: Unicode character –° (U+0421)
(inputenc)                not set up for use with LaTeX.

See the inputenc package documentation for explanation.
Type  H <return>  for immediate help.
 ...                                              
                                                  
l.3 ...–ò–ù–ò–°–¢–ï–†–°–¢–í–û –ù–ê–£–ö–ò –ò –í–´–°
                                                  –®–ï–ì–û –û–ë–†–ê–ó–û–í–ê–...

You may provide a definition with
\DeclareUnicodeCharacter 


./title.tex:3: Package inputenc Error: Unicode character –® (U+0428)
(inputenc)                not set up for use with LaTeX.

See the inputenc package documentation for explanation.
Type  H <return>  for immediate help.
 ...                                              
                                                  
l.3 ...–ù–ò–°–¢–ï–†–°–¢–í–û –ù–ê–£–ö–ò –ò –í–´–°–®
                                                  –ï–ì–û –û–ë–†–ê–ó–û–í–ê–ù–...

You may provide a definition with
\DeclareUnicodeCharacter 


./title.tex:3: Package inputenc Error: Unicode character –ï (U+0415)
(inputenc)                not set up for use with LaTeX.

See the inputenc package documentation for explanation.
Type  H <return>  for immediate help.
 ...                                              
                                                  
l.3 ...–ò–°–¢–ï–†–°–¢–í–û –ù–ê–£–ö–ò –ò –í–´–°–®–ï
                                                  –ì–û –û–ë–†–ê–ó–û–í–ê–ù–ò–...

You may provide a definition with
\DeclareUnicodeCharacter 


./title.tex:3: Package inputenc Error: Unicode character –ì (U+0413)
(inputenc)                not set up for use with LaTeX.

See the inputenc package documentation for explanation.
Type  H <return>  for immediate help.
 ...                                              
                                                  
l.3 ...–°–¢–ï–†–°–¢–í–û –ù–ê–£–ö–ò –ò –í–´–°–®–ï–ì
                                                  –û –û–ë–†–ê–ó–û–í–ê–ù–ò–Ø ...

You may provide a definition with
\DeclareUnicodeCharacter 


./title.tex:3: Package inputenc Error: Unicode character –û (U+041E)
(inputenc)                not set up for use with LaTeX.

See the inputenc package documentation for explanation.
Type  H <return>  for immediate help.
 ...                                              
                                                  
l.3 ...–¢–ï–†–°–¢–í–û –ù–ê–£–ö–ò –ò –í–´–°–®–ï–ì–û
                                                   –û–ë–†–ê–ó–û–í–ê–ù–ò–Ø –†...

You may provide a definition with
\DeclareUnicodeCharacter 


./title.tex:3: Package inputenc Error: Unicode character –û (U+041E)
(inputenc)                not set up for use with LaTeX.

See the inputenc package documentation for explanation.
Type  H <return>  for immediate help.
 ...                                              
                                                  
l.3 ...ï–†–°–¢–í–û –ù–ê–£–ö–ò –ò –í–´–°–®–ï–ì–û –û
                                                  –ë–†–ê–ó–û–í–ê–ù–ò–Ø –†–§\\
You may provide a definition with
\DeclareUnicodeCharacter 


./title.tex:3: Package inputenc Error: Unicode character –ë (U+0411)
(inputenc)                not set up for use with LaTeX.

See the inputenc package documentation for explanation.
Type  H <return>  for immediate help.
 ...                                              
                                                  
l.3 ...†–°–¢–í–û –ù–ê–£–ö–ò –ò –í–´–°–®–ï–ì–û –û–ë
                                                  –†–ê–ó–û–í–ê–ù–ò–Ø –†–§\\
You may provide a definition with
\DeclareUnicodeCharacter 


./title.tex:3: Package inputenc Error: Unicode character –† (U+0420)
(inputenc)                not set up for use with LaTeX.

See the inputenc package documentation for explanation.
Type  H <return>  for immediate help.
 ...                                              
                                                  
l.3 ...°–¢–í–û –ù–ê–£–ö–ò –ò –í–´–°–®–ï–ì–û –û–ë–†
                                                  –ê–ó–û–í–ê–ù–ò–Ø –†–§\\
You may provide a definition with
\DeclareUnicodeCharacter 


./title.tex:3: Package inputenc Error: Unicode character –ê (U+0410)
(inputenc)                not set up for use with LaTeX.

See the inputenc package documentation for explanation.
Type  H <return>  for immediate help.
 ...                                              
                                                  
l.3 ...¢–í–û –ù–ê–£–ö–ò –ò –í–´–°–®–ï–ì–û –û–ë–†–ê
                                                  –ó–û–í–ê–ù–ò–Ø –†–§\\
You may provide a definition with
\DeclareUnicodeCharacter 


./title.tex:3: Package inputenc Error: Unicode character –ó (U+0417)
(inputenc)                not set up for use with LaTeX.

See the inputenc package documentation for explanation.
Type  H <return>  for immediate help.
 ...                                              
                                                  
l.3 ...í–û –ù–ê–£–ö–ò –ò –í–´–°–®–ï–ì–û –û–ë–†–ê–ó
                                                  –û–í–ê–ù–ò–Ø –†–§\\
You may provide a definition with
\DeclareUnicodeCharacter 


./title.tex:3: Package inputenc Error: Unicode character –û (U+041E)
(inputenc)                not set up for use with LaTeX.

See the inputenc package documentation for explanation.
Type  H <return>  for immediate help.
 ...                                              
                                                  
l.3 ...û –ù–ê–£–ö–ò –ò –í–´–°–®–ï–ì–û –û–ë–†–ê–ó–û
                                                  –í–ê–ù–ò–Ø –†–§\\
You may provide a definition with
\DeclareUnicodeCharacter 


./title.tex:3: Package inputenc Error: Unicode character –í (U+0412)
(inputenc)                not set up for use with LaTeX.

See the inputenc package documentation for explanation.
Type  H <return>  for immediate help.
 ...                                              
                                                  
l.3 ...–ù–ê–£–ö–ò –ò –í–´–°–®–ï–ì–û –û–ë–†–ê–ó–û–í
                                                  –ê–ù–ò–Ø –†–§\\
You may provide a definition with
\DeclareUnicodeCharacter 


./title.tex:3: Package inputenc Error: Unicode character –ê (U+0410)
(inputenc)                not set up for use with LaTeX.

See the inputenc package documentation for explanation.
Type  H <return>  for immediate help.
 ...                                              
                                                  
l.3 ...–ê–£–ö–ò –ò –í–´–°–®–ï–ì–û –û–ë–†–ê–ó–û–í–ê
                                                  –ù–ò–Ø –†–§\\
You may provide a definition with
\DeclareUnicodeCharacter 


./title.tex:3: Package inputenc Error: Unicode character –ù (U+041D)
(inputenc)                not set up for use with LaTeX.

See the inputenc package documentation for explanation.
Type  H <return>  for immediate help.
 ...                                              
                                                  
l.3 ...–£–ö–ò –ò –í–´–°–®–ï–ì–û –û–ë–†–ê–ó–û–í–ê–ù
                                                  –ò–Ø –†–§\\
You may provide a definition with
\DeclareUnicodeCharacter 


./title.tex:3: Package inputenc Error: Unicode character –ò (U+0418)
(inputenc)                not set up for use with LaTeX.

See the inputenc package documentation for explanation.
Type  H <return>  for immediate help.
 ...                                              
                                                  
l.3 ...–ö–ò –ò –í–´–°–®–ï–ì–û –û–ë–†–ê–ó–û–í–ê–ù–ò
                                                  –Ø –†–§\\
You may provide a definition with
\DeclareUnicodeCharacter 


./title.tex:3: Package inputenc Error: Unicode character –Ø (U+042F)
(inputenc)                not set up for use with LaTeX.

See the inputenc package documentation for explanation.
Type  H <return>  for immediate help.
 ...                                              
                                                  
l.3 ...–ò –ò –í–´–°–®–ï–ì–û –û–ë–†–ê–ó–û–í–ê–ù–ò–Ø
                                                   –†–§\\
You may provide a definition with
\DeclareUnicodeCharacter 


./title.tex:3: Package inputenc Error: Unicode character –† (U+0420)
(inputenc)                not set up for use with LaTeX.

See the inputenc package documentation for explanation.
Type  H <return>  for immediate help.
 ...                                              
                                                  
l.3 ...–ò –í–´–°–®–ï–ì–û –û–ë–†–ê–ó–û–í–ê–ù–ò–Ø –†
                                                  –§\\
You may provide a definition with
\DeclareUnicodeCharacter 


./title.tex:3: Package inputenc Error: Unicode character –§ (U+0424)
(inputenc)                not set up for use with LaTeX.

See the inputenc package documentation for explanation.
Type  H <return>  for immediate help.
 ...                                              
                                                  
l.3 ... –í–´–°–®–ï–ì–û –û–ë–†–ê–ó–û–í–ê–ù–ò–Ø –†–§
                                                  \\
You may provide a definition with
\DeclareUnicodeCharacter 


./title.tex:3: LaTeX Error: There's no line here to end.

See the LaTeX manual or LaTeX Companion for explanation.
Type  H <return>  for immediate help.
 ...                                              
                                                  
l.3 ...í–´–°–®–ï–ì–û –û–ë–†–ê–ó–û–í–ê–ù–ò–Ø –†–§\\
                                                  
Your command was ignored.
Type  I <command> <return>  to replace it with another command,
or  <return>  to continue without it.


./title.tex:4: Package inputenc Error: Unicode character –§ (U+0424)
(inputenc)                not set up for use with LaTeX.

See the inputenc package documentation for explanation.
Type  H <return>  for immediate help.
 ...                                              
                                                  
l.4     –§
          –µ–¥–µ—Ä–∞–ª—å–Ω–æ–µ –≥–æ—Å—É–¥–∞—Ä—Å—Ç–≤–µ–Ω–Ω–æ–µ –±—é–¥–∂–µ—Ç–Ω...

You may provide a definition with
\DeclareUnicodeCharacter 


./title.tex:4: Package inputenc Error: Unicode character –µ (U+0435)
(inputenc)                not set up for use with LaTeX.

See the inputenc package documentation for explanation.
Type  H <return>  for immediate help.
 ...                                              
                                                  
l.4     –§–µ
            –¥–µ—Ä–∞–ª—å–Ω–æ–µ –≥–æ—Å—É–¥–∞—Ä—Å—Ç–≤–µ–Ω–Ω–æ–µ –±—é–¥–∂–µ—Ç–Ω...

You may provide a definition with
\DeclareUnicodeCharacter 


./title.tex:4: Package inputenc Error: Unicode character –¥ (U+0434)
(inputenc)                not set up for use with LaTeX.

See the inputenc package documentation for explanation.
Type  H <return>  for immediate help.
 ...                                              
                                                  
l.4     –§–µ–¥
              –µ—Ä–∞–ª—å–Ω–æ–µ –≥–æ—Å—É–¥–∞—Ä—Å—Ç–≤–µ–Ω–Ω–æ–µ –±—é–¥–∂–µ—Ç–Ω...

You may provide a definition with
\DeclareUnicodeCharacter 


./title.tex:4: Package inputenc Error: Unicode character –µ (U+0435)
(inputenc)                not set up for use with LaTeX.

See the inputenc package documentation for explanation.
Type  H <return>  for immediate help.
 ...                                              
                                                  
l.4     –§–µ–¥–µ
                —Ä–∞–ª—å–Ω–æ–µ –≥–æ—Å—É–¥–∞—Ä—Å—Ç–≤–µ–Ω–Ω–æ–µ –±—é–¥–∂–µ—Ç–Ω...

You may provide a definition with
\DeclareUnicodeCharacter 


./title.tex:4: Package inputenc Error: Unicode character —Ä (U+0440)
(inputenc)                not set up for use with LaTeX.

See the inputenc package documentation for explanation.
Type  H <return>  for immediate help.
 ...                                              
                                                  
l.4     –§–µ–¥–µ—Ä
                  –∞–ª—å–Ω–æ–µ –≥–æ—Å—É–¥–∞—Ä—Å—Ç–≤–µ–Ω–Ω–æ–µ –±—é–¥–∂–µ—Ç–Ω...

You may provide a definition with
\DeclareUnicodeCharacter 


./title.tex:4: Package inputenc Error: Unicode character –∞ (U+0430)
(inputenc)                not set up for use with LaTeX.

See the inputenc package documentation for explanation.
Type  H <return>  for immediate help.
 ...                                              
                                                  
l.4     –§–µ–¥–µ—Ä–∞
                    –ª—å–Ω–æ–µ –≥–æ—Å—É–¥–∞—Ä—Å—Ç–≤–µ–Ω–Ω–æ–µ –±—é–¥–∂–µ—Ç–Ω...

You may provide a definition with
\DeclareUnicodeCharacter 


./title.tex:4: Package inputenc Error: Unicode character –ª (U+043B)
(inputenc)                not set up for use with LaTeX.

See the inputenc package documentation for explanation.
Type  H <return>  for immediate help.
 ...                                              
                                                  
l.4     –§–µ–¥–µ—Ä–∞–ª
                      —å–Ω–æ–µ –≥–æ—Å—É–¥–∞—Ä—Å—Ç–≤–µ–Ω–Ω–æ–µ –±—é–¥–∂–µ—Ç–Ω...

You may provide a definition with
\DeclareUnicodeCharacter 


./title.tex:4: Package inputenc Error: Unicode character —å (U+044C)
(inputenc)                not set up for use with LaTeX.

See the inputenc package documentation for explanation.
Type  H <return>  for immediate help.
 ...                                              
                                                  
l.4     –§–µ–¥–µ—Ä–∞–ª—å
                        –Ω–æ–µ –≥–æ—Å—É–¥–∞—Ä—Å—Ç–≤–µ–Ω–Ω–æ–µ –±—é–¥–∂–µ—Ç–Ω...

You may provide a definition with
\DeclareUnicodeCharacter 


./title.tex:4: Package inputenc Error: Unicode character –Ω (U+043D)
(inputenc)                not set up for use with LaTeX.

See the inputenc package documentation for explanation.
Type  H <return>  for immediate help.
 ...                                              
                                                  
l.4     –§–µ–¥–µ—Ä–∞–ª—å–Ω
                          –æ–µ –≥–æ—Å—É–¥–∞—Ä—Å—Ç–≤–µ–Ω–Ω–æ–µ –±—é–¥–∂–µ—Ç–Ω...

You may provide a definition with
\DeclareUnicodeCharacter 


./title.tex:4: Package inputenc Error: Unicode character –æ (U+043E)
(inputenc)                not set up for use with LaTeX.

See the inputenc package documentation for explanation.
Type  H <return>  for immediate help.
 ...                                              
                                                  
l.4     –§–µ–¥–µ—Ä–∞–ª—å–Ω–æ
                            –µ –≥–æ—Å—É–¥–∞—Ä—Å—Ç–≤–µ–Ω–Ω–æ–µ –±—é–¥–∂–µ—Ç–Ω...

You may provide a definition with
\DeclareUnicodeCharacter 


./title.tex:4: Package inputenc Error: Unicode character –µ (U+0435)
(inputenc)                not set up for use with LaTeX.

See the inputenc package documentation for explanation.
Type  H <return>  for immediate help.
 ...                                              
                                                  
l.4     –§–µ–¥–µ—Ä–∞–ª—å–Ω–æ–µ
                               –≥–æ—Å—É–¥–∞—Ä—Å—Ç–≤–µ–Ω–Ω–æ–µ –±—é–¥–∂–µ—Ç–Ω...

You may provide a definition with
\DeclareUnicodeCharacter 


./title.tex:4: Package inputenc Error: Unicode character –≥ (U+0433)
(inputenc)                not set up for use with LaTeX.

See the inputenc package documentation for explanation.
Type  H <return>  for immediate help.
 ...                                              
                                                  
l.4     –§–µ–¥–µ—Ä–∞–ª—å–Ω–æ–µ –≥
                                 –æ—Å—É–¥–∞—Ä—Å—Ç–≤–µ–Ω–Ω–æ–µ –±—é–¥–∂–µ—Ç–Ω...

You may provide a definition with
\DeclareUnicodeCharacter 


./title.tex:4: Package inputenc Error: Unicode character –æ (U+043E)
(inputenc)                not set up for use with LaTeX.

See the inputenc package documentation for explanation.
Type  H <return>  for immediate help.
 ...                                              
                                                  
l.4     –§–µ–¥–µ—Ä–∞–ª—å–Ω–æ–µ –≥–æ
                                   —Å—É–¥–∞—Ä—Å—Ç–≤–µ–Ω–Ω–æ–µ –±—é–¥–∂–µ—Ç–Ω...

You may provide a definition with
\DeclareUnicodeCharacter 


./title.tex:4: Package inputenc Error: Unicode character —Å (U+0441)
(inputenc)                not set up for use with LaTeX.

See the inputenc package documentation for explanation.
Type  H <return>  for immediate help.
 ...                                              
                                                  
l.4     –§–µ–¥–µ—Ä–∞–ª—å–Ω–æ–µ –≥–æ—Å
                                     —É–¥–∞—Ä—Å—Ç–≤–µ–Ω–Ω–æ–µ –±—é–¥–∂–µ—Ç–Ω...

You may provide a definition with
\DeclareUnicodeCharacter 


./title.tex:4: Package inputenc Error: Unicode character —É (U+0443)
(inputenc)                not set up for use with LaTeX.

See the inputenc package documentation for explanation.
Type  H <return>  for immediate help.
 ...                                              
                                                  
l.4     –§–µ–¥–µ—Ä–∞–ª—å–Ω–æ–µ –≥–æ—Å—É
                                       –¥–∞—Ä—Å—Ç–≤–µ–Ω–Ω–æ–µ –±—é–¥–∂–µ—Ç–Ω...

You may provide a definition with
\DeclareUnicodeCharacter 


./title.tex:4: Package inputenc Error: Unicode character –¥ (U+0434)
(inputenc)                not set up for use with LaTeX.

See the inputenc package documentation for explanation.
Type  H <return>  for immediate help.
 ...                                              
                                                  
l.4     –§–µ–¥–µ—Ä–∞–ª—å–Ω–æ–µ –≥–æ—Å—É–¥
                                         –∞—Ä—Å—Ç–≤–µ–Ω–Ω–æ–µ –±—é–¥–∂–µ—Ç–Ω...

You may provide a definition with
\DeclareUnicodeCharacter 


./title.tex:4: Package inputenc Error: Unicode character –∞ (U+0430)
(inputenc)                not set up for use with LaTeX.

See the inputenc package documentation for explanation.
Type  H <return>  for immediate help.
 ...                                              
                                                  
l.4     –§–µ–¥–µ—Ä–∞–ª—å–Ω–æ–µ –≥–æ—Å—É–¥–∞
                                           —Ä—Å—Ç–≤–µ–Ω–Ω–æ–µ –±—é–¥–∂–µ—Ç–Ω...

You may provide a definition with
\DeclareUnicodeCharacter 


./title.tex:4: Package inputenc Error: Unicode character —Ä (U+0440)
(inputenc)                not set up for use with LaTeX.

See the inputenc package documentation for explanation.
Type  H <return>  for immediate help.
 ...                                              
                                                  
l.4     –§–µ–¥–µ—Ä–∞–ª—å–Ω–æ–µ –≥–æ—Å—É–¥–∞—Ä
                                             —Å—Ç–≤–µ–Ω–Ω–æ–µ –±—é–¥–∂–µ—Ç–Ω...

You may provide a definition with
\DeclareUnicodeCharacter 


./title.tex:4: Package inputenc Error: Unicode character —Å (U+0441)
(inputenc)                not set up for use with LaTeX.

See the inputenc package documentation for explanation.
Type  H <return>  for immediate help.
 ...                                              
                                                  
l.4     –§–µ–¥–µ—Ä–∞–ª—å–Ω–æ–µ –≥–æ—Å—É–¥–∞—Ä—Å
                                               —Ç–≤–µ–Ω–Ω–æ–µ –±—é–¥–∂–µ—Ç–Ω...

You may provide a definition with
\DeclareUnicodeCharacter 


./title.tex:4: Package inputenc Error: Unicode character —Ç (U+0442)
(inputenc)                not set up for use with LaTeX.

See the inputenc package documentation for explanation.
Type  H <return>  for immediate help.
 ...                                              
                                                  
l.4     –§–µ–¥–µ—Ä–∞–ª—å–Ω–æ–µ –≥–æ—Å—É–¥–∞—Ä—Å—Ç
                                                 –≤–µ–Ω–Ω–æ–µ –±—é–¥–∂–µ—Ç–Ω...

You may provide a definition with
\DeclareUnicodeCharacter 


./title.tex:4: Package inputenc Error: Unicode character –≤ (U+0432)
(inputenc)                not set up for use with LaTeX.

See the inputenc package documentation for explanation.
Type  H <return>  for immediate help.
 ...                                              
                                                  
l.4 ...–§–µ–¥–µ—Ä–∞–ª—å–Ω–æ–µ –≥–æ—Å—É–¥–∞—Ä—Å—Ç–≤
                                                  –µ–Ω–Ω–æ–µ –±—é–¥–∂–µ—Ç–Ω–...

You may provide a definition with
\DeclareUnicodeCharacter 


./title.tex:4: Package inputenc Error: Unicode character –µ (U+0435)
(inputenc)                not set up for use with LaTeX.

See the inputenc package documentation for explanation.
Type  H <return>  for immediate help.
 ...                                              
                                                  
l.4 ...–µ–¥–µ—Ä–∞–ª—å–Ω–æ–µ –≥–æ—Å—É–¥–∞—Ä—Å—Ç–≤–µ
                                                  –Ω–Ω–æ–µ –±—é–¥–∂–µ—Ç–Ω–æ–...

You may provide a definition with
\DeclareUnicodeCharacter 


./title.tex:4: Package inputenc Error: Unicode character –Ω (U+043D)
(inputenc)                not set up for use with LaTeX.

See the inputenc package documentation for explanation.
Type  H <return>  for immediate help.
 ...                                              
                                                  
l.4 ...–¥–µ—Ä–∞–ª—å–Ω–æ–µ –≥–æ—Å—É–¥–∞—Ä—Å—Ç–≤–µ–Ω
                                                  –Ω–æ–µ –±—é–¥–∂–µ—Ç–Ω–æ–µ ...

You may provide a definition with
\DeclareUnicodeCharacter 


./title.tex:4: Package inputenc Error: Unicode character –Ω (U+043D)
(inputenc)                not set up for use with LaTeX.

See the inputenc package documentation for explanation.
Type  H <return>  for immediate help.
 ...                                              
                                                  
l.4 ...–µ—Ä–∞–ª—å–Ω–æ–µ –≥–æ—Å—É–¥–∞—Ä—Å—Ç–≤–µ–Ω–Ω
                                                  –æ–µ –±—é–¥–∂–µ—Ç–Ω–æ–µ –æ...

You may provide a definition with
\DeclareUnicodeCharacter 


./title.tex:4: Package inputenc Error: Unicode character –æ (U+043E)
(inputenc)                not set up for use with LaTeX.

See the inputenc package documentation for explanation.
Type  H <return>  for immediate help.
 ...                                              
                                                  
l.4 ...—Ä–∞–ª—å–Ω–æ–µ –≥–æ—Å—É–¥–∞—Ä—Å—Ç–≤–µ–Ω–Ω–æ
                                                  –µ –±—é–¥–∂–µ—Ç–Ω–æ–µ –æ–±...

You may provide a definition with
\DeclareUnicodeCharacter 


./title.tex:4: Package inputenc Error: Unicode character –µ (U+0435)
(inputenc)                not set up for use with LaTeX.

See the inputenc package documentation for explanation.
Type  H <return>  for immediate help.
 ...                                              
                                                  
l.4 ...–∞–ª—å–Ω–æ–µ –≥–æ—Å—É–¥–∞—Ä—Å—Ç–≤–µ–Ω–Ω–æ–µ
                                                   –±—é–¥–∂–µ—Ç–Ω–æ–µ –æ–±—Ä...

You may provide a definition with
\DeclareUnicodeCharacter 


./title.tex:4: Package inputenc Error: Unicode character –± (U+0431)
(inputenc)                not set up for use with LaTeX.

See the inputenc package documentation for explanation.
Type  H <return>  for immediate help.
 ...                                              
                                                  
l.4 ...ª—å–Ω–æ–µ –≥–æ—Å—É–¥–∞—Ä—Å—Ç–≤–µ–Ω–Ω–æ–µ –±
                                                  —é–¥–∂–µ—Ç–Ω–æ–µ –æ–±—Ä–∞–...

You may provide a definition with
\DeclareUnicodeCharacter 


./title.tex:4: Package inputenc Error: Unicode character —é (U+044E)
(inputenc)                not set up for use with LaTeX.

See the inputenc package documentation for explanation.
Type  H <return>  for immediate help.
 ...                                              
                                                  
l.4 ...å–Ω–æ–µ –≥–æ—Å—É–¥–∞—Ä—Å—Ç–≤–µ–Ω–Ω–æ–µ –±—é
                                                  –¥–∂–µ—Ç–Ω–æ–µ –æ–±—Ä–∞–∑–...

You may provide a definition with
\DeclareUnicodeCharacter 


./title.tex:4: Package inputenc Error: Unicode character –¥ (U+0434)
(inputenc)                not set up for use with LaTeX.

See the inputenc package documentation for explanation.
Type  H <return>  for immediate help.
 ...                                              
                                                  
l.4 ...Ω–æ–µ –≥–æ—Å—É–¥–∞—Ä—Å—Ç–≤–µ–Ω–Ω–æ–µ –±—é–¥
                                                  –∂–µ—Ç–Ω–æ–µ –æ–±—Ä–∞–∑–æ–...

You may provide a definition with
\DeclareUnicodeCharacter 


./title.tex:4: Package inputenc Error: Unicode character –∂ (U+0436)
(inputenc)                not set up for use with LaTeX.

See the inputenc package documentation for explanation.
Type  H <return>  for immediate help.
 ...                                              
                                                  
l.4 ...æ–µ –≥–æ—Å—É–¥–∞—Ä—Å—Ç–≤–µ–Ω–Ω–æ–µ –±—é–¥–∂
                                                  –µ—Ç–Ω–æ–µ –æ–±—Ä–∞–∑–æ–≤–...

You may provide a definition with
\DeclareUnicodeCharacter 


./title.tex:4: Package inputenc Error: Unicode character –µ (U+0435)
(inputenc)                not set up for use with LaTeX.

See the inputenc package documentation for explanation.
Type  H <return>  for immediate help.
 ...                                              
                                                  
l.4 ...µ –≥–æ—Å—É–¥–∞—Ä—Å—Ç–≤–µ–Ω–Ω–æ–µ –±—é–¥–∂–µ
                                                  —Ç–Ω–æ–µ –æ–±—Ä–∞–∑–æ–≤–∞—...

You may provide a definition with
\DeclareUnicodeCharacter 


./title.tex:4: Package inputenc Error: Unicode character —Ç (U+0442)
(inputenc)                not set up for use with LaTeX.

See the inputenc package documentation for explanation.
Type  H <return>  for immediate help.
 ...                                              
                                                  
l.4 ...–≥–æ—Å—É–¥–∞—Ä—Å—Ç–≤–µ–Ω–Ω–æ–µ –±—é–¥–∂–µ—Ç
                                                  –Ω–æ–µ –æ–±—Ä–∞–∑–æ–≤–∞—Ç–...

You may provide a definition with
\DeclareUnicodeCharacter 


./title.tex:4: Package inputenc Error: Unicode character –Ω (U+043D)
(inputenc)                not set up for use with LaTeX.

See the inputenc package documentation for explanation.
Type  H <return>  for immediate help.
 ...                                              
                                                  
l.4 ...–æ—Å—É–¥–∞—Ä—Å—Ç–≤–µ–Ω–Ω–æ–µ –±—é–¥–∂–µ—Ç–Ω
                                                  –æ–µ –æ–±—Ä–∞–∑–æ–≤–∞—Ç–µ–...

You may provide a definition with
\DeclareUnicodeCharacter 


./title.tex:4: Package inputenc Error: Unicode character –æ (U+043E)
(inputenc)                not set up for use with LaTeX.

See the inputenc package documentation for explanation.
Type  H <return>  for immediate help.
 ...                                              
                                                  
l.4 ...—Å—É–¥–∞—Ä—Å—Ç–≤–µ–Ω–Ω–æ–µ –±—é–¥–∂–µ—Ç–Ω–æ
                                                  –µ –æ–±—Ä–∞–∑–æ–≤–∞—Ç–µ–ª—...

You may provide a definition with
\DeclareUnicodeCharacter 


./title.tex:4: Package inputenc Error: Unicode character –µ (U+0435)
(inputenc)                not set up for use with LaTeX.

See the inputenc package documentation for explanation.
Type  H <return>  for immediate help.
 ...                                              
                                                  
l.4 ...—É–¥–∞—Ä—Å—Ç–≤–µ–Ω–Ω–æ–µ –±—é–¥–∂–µ—Ç–Ω–æ–µ
                                                   –æ–±—Ä–∞–∑–æ–≤–∞—Ç–µ–ª—å–...

You may provide a definition with
\DeclareUnicodeCharacter 


./title.tex:4: Package inputenc Error: Unicode character –æ (U+043E)
(inputenc)                not set up for use with LaTeX.

See the inputenc package documentation for explanation.
Type  H <return>  for immediate help.
 ...                                              
                                                  
l.4 ...¥–∞—Ä—Å—Ç–≤–µ–Ω–Ω–æ–µ –±—é–¥–∂–µ—Ç–Ω–æ–µ –æ
                                                  –±—Ä–∞–∑–æ–≤–∞—Ç–µ–ª—å–Ω–æ...

You may provide a definition with
\DeclareUnicodeCharacter 


./title.tex:4: Package inputenc Error: Unicode character –± (U+0431)
(inputenc)                not set up for use with LaTeX.

See the inputenc package documentation for explanation.
Type  H <return>  for immediate help.
 ...                                              
                                                  
l.4 ...∞—Ä—Å—Ç–≤–µ–Ω–Ω–æ–µ –±—é–¥–∂–µ—Ç–Ω–æ–µ –æ–±
                                                  —Ä–∞–∑–æ–≤–∞—Ç–µ–ª—å–Ω–æ–µ...

You may provide a definition with
\DeclareUnicodeCharacter 


./title.tex:4: Package inputenc Error: Unicode character —Ä (U+0440)
(inputenc)                not set up for use with LaTeX.

See the inputenc package documentation for explanation.
Type  H <return>  for immediate help.
 ...                                              
                                                  
l.4 ...Ä—Å—Ç–≤–µ–Ω–Ω–æ–µ –±—é–¥–∂–µ—Ç–Ω–æ–µ –æ–±—Ä
                                                  –∞–∑–æ–≤–∞—Ç–µ–ª—å–Ω–æ–µ —...

You may provide a definition with
\DeclareUnicodeCharacter 


./title.tex:4: Package inputenc Error: Unicode character –∞ (U+0430)
(inputenc)                not set up for use with LaTeX.

See the inputenc package documentation for explanation.
Type  H <return>  for immediate help.
 ...                                              
                                                  
l.4 ...Å—Ç–≤–µ–Ω–Ω–æ–µ –±—é–¥–∂–µ—Ç–Ω–æ–µ –æ–±—Ä–∞
                                                  –∑–æ–≤–∞—Ç–µ–ª—å–Ω–æ–µ —É—...

You may provide a definition with
\DeclareUnicodeCharacter 


./title.tex:4: Package inputenc Error: Unicode character –∑ (U+0437)
(inputenc)                not set up for use with LaTeX.

See the inputenc package documentation for explanation.
Type  H <return>  for immediate help.
 ...                                              
                                                  
l.4 ...Ç–≤–µ–Ω–Ω–æ–µ –±—é–¥–∂–µ—Ç–Ω–æ–µ –æ–±—Ä–∞–∑
                                                  –æ–≤–∞—Ç–µ–ª—å–Ω–æ–µ —É—á—...

You may provide a definition with
\DeclareUnicodeCharacter 


./title.tex:4: Package inputenc Error: Unicode character –æ (U+043E)
(inputenc)                not set up for use with LaTeX.

See the inputenc package documentation for explanation.
Type  H <return>  for immediate help.
 ...                                              
                                                  
l.4 ...≤–µ–Ω–Ω–æ–µ –±—é–¥–∂–µ—Ç–Ω–æ–µ –æ–±—Ä–∞–∑–æ
                                                  –≤–∞—Ç–µ–ª—å–Ω–æ–µ —É—á—Ä–...

You may provide a definition with
\DeclareUnicodeCharacter 


./title.tex:4: Package inputenc Error: Unicode character –≤ (U+0432)
(inputenc)                not set up for use with LaTeX.

See the inputenc package documentation for explanation.
Type  H <return>  for immediate help.
 ...                                              
                                                  
l.4 ...µ–Ω–Ω–æ–µ –±—é–¥–∂–µ—Ç–Ω–æ–µ –æ–±—Ä–∞–∑–æ–≤
                                                  –∞—Ç–µ–ª—å–Ω–æ–µ —É—á—Ä–µ–...

You may provide a definition with
\DeclareUnicodeCharacter 


./title.tex:4: Package inputenc Error: Unicode character –∞ (U+0430)
(inputenc)                not set up for use with LaTeX.

See the inputenc package documentation for explanation.
Type  H <return>  for immediate help.
 ...                                              
                                                  
l.4 ...Ω–Ω–æ–µ –±—é–¥–∂–µ—Ç–Ω–æ–µ –æ–±—Ä–∞–∑–æ–≤–∞
                                                  —Ç–µ–ª—å–Ω–æ–µ —É—á—Ä–µ–∂–...

You may provide a definition with
\DeclareUnicodeCharacter 


./title.tex:4: Package inputenc Error: Unicode character —Ç (U+0442)
(inputenc)                not set up for use with LaTeX.

See the inputenc package documentation for explanation.
Type  H <return>  for immediate help.
 ...                                              
                                                  
l.4 ...Ω–æ–µ –±—é–¥–∂–µ—Ç–Ω–æ–µ –æ–±—Ä–∞–∑–æ–≤–∞—Ç
                                                  –µ–ª—å–Ω–æ–µ —É—á—Ä–µ–∂–¥–...

You may provide a definition with
\DeclareUnicodeCharacter 


./title.tex:4: Package inputenc Error: Unicode character –µ (U+0435)
(inputenc)                not set up for use with LaTeX.

See the inputenc package documentation for explanation.
Type  H <return>  for immediate help.
 ...                                              
                                                  
l.4 ...æ–µ –±—é–¥–∂–µ—Ç–Ω–æ–µ –æ–±—Ä–∞–∑–æ–≤–∞—Ç–µ
                                                  –ª—å–Ω–æ–µ —É—á—Ä–µ–∂–¥–µ–...

You may provide a definition with
\DeclareUnicodeCharacter 


./title.tex:4: Package inputenc Error: Unicode character –ª (U+043B)
(inputenc)                not set up for use with LaTeX.

See the inputenc package documentation for explanation.
Type  H <return>  for immediate help.
 ...                                              
                                                  
l.4 ...µ –±—é–¥–∂–µ—Ç–Ω–æ–µ –æ–±—Ä–∞–∑–æ–≤–∞—Ç–µ–ª
                                                  —å–Ω–æ–µ —É—á—Ä–µ–∂–¥–µ–Ω–...

You may provide a definition with
\DeclareUnicodeCharacter 


./title.tex:4: Package inputenc Error: Unicode character —å (U+044C)
(inputenc)                not set up for use with LaTeX.

See the inputenc package documentation for explanation.
Type  H <return>  for immediate help.
 ...                                              
                                                  
l.4 ...–±—é–¥–∂–µ—Ç–Ω–æ–µ –æ–±—Ä–∞–∑–æ–≤–∞—Ç–µ–ª—å
                                                  –Ω–æ–µ —É—á—Ä–µ–∂–¥–µ–Ω–∏–µ\\

You may provide a definition with
\DeclareUnicodeCharacter 


./title.tex:4: Package inputenc Error: Unicode character –Ω (U+043D)
(inputenc)                not set up for use with LaTeX.

See the inputenc package documentation for explanation.
Type  H <return>  for immediate help.
 ...                                              
                                                  
l.4 ...—é–¥–∂–µ—Ç–Ω–æ–µ –æ–±—Ä–∞–∑–æ–≤–∞—Ç–µ–ª—å–Ω
                                                  –æ–µ —É—á—Ä–µ–∂–¥–µ–Ω–∏–µ\\
You may provide a definition with
\DeclareUnicodeCharacter 


./title.tex:4: Package inputenc Error: Unicode character –æ (U+043E)
(inputenc)                not set up for use with LaTeX.

See the inputenc package documentation for explanation.
Type  H <return>  for immediate help.
 ...                                              
                                                  
l.4 ...–¥–∂–µ—Ç–Ω–æ–µ –æ–±—Ä–∞–∑–æ–≤–∞—Ç–µ–ª—å–Ω–æ
                                                  –µ —É—á—Ä–µ–∂–¥–µ–Ω–∏–µ\\
You may provide a definition with
\DeclareUnicodeCharacter 


./title.tex:4: Package inputenc Error: Unicode character –µ (U+0435)
(inputenc)                not set up for use with LaTeX.

See the inputenc package documentation for explanation.
Type  H <return>  for immediate help.
 ...                                              
                                                  
l.4 ...–∂–µ—Ç–Ω–æ–µ –æ–±—Ä–∞–∑–æ–≤–∞—Ç–µ–ª—å–Ω–æ–µ
                                                   —É—á—Ä–µ–∂–¥–µ–Ω–∏–µ\\
You may provide a definition with
\DeclareUnicodeCharacter 


./title.tex:4: Package inputenc Error: Unicode character —É (U+0443)
(inputenc)                not set up for use with LaTeX.

See the inputenc package documentation for explanation.
Type  H <return>  for immediate help.
 ...                                              
                                                  
l.4 ...µ—Ç–Ω–æ–µ –æ–±—Ä–∞–∑–æ–≤–∞—Ç–µ–ª—å–Ω–æ–µ —É
                                                  —á—Ä–µ–∂–¥–µ–Ω–∏–µ\\
You may provide a definition with
\DeclareUnicodeCharacter 


./title.tex:4: Package inputenc Error: Unicode character —á (U+0447)
(inputenc)                not set up for use with LaTeX.

See the inputenc package documentation for explanation.
Type  H <return>  for immediate help.
 ...                                              
                                                  
l.4 ...Ç–Ω–æ–µ –æ–±—Ä–∞–∑–æ–≤–∞—Ç–µ–ª—å–Ω–æ–µ —É—á
                                                  —Ä–µ–∂–¥–µ–Ω–∏–µ\\
You may provide a definition with
\DeclareUnicodeCharacter 


./title.tex:4: Package inputenc Error: Unicode character —Ä (U+0440)
(inputenc)                not set up for use with LaTeX.

See the inputenc package documentation for explanation.
Type  H <return>  for immediate help.
 ...                                              
                                                  
l.4 ...Ω–æ–µ –æ–±—Ä–∞–∑–æ–≤–∞—Ç–µ–ª—å–Ω–æ–µ —É—á—Ä
                                                  –µ–∂–¥–µ–Ω–∏–µ\\
You may provide a definition with
\DeclareUnicodeCharacter 


./title.tex:4: Package inputenc Error: Unicode character –µ (U+0435)
(inputenc)                not set up for use with LaTeX.

See the inputenc package documentation for explanation.
Type  H <return>  for immediate help.
 ...                                              
                                                  
l.4 ...æ–µ –æ–±—Ä–∞–∑–æ–≤–∞—Ç–µ–ª—å–Ω–æ–µ —É—á—Ä–µ
                                                  –∂–¥–µ–Ω–∏–µ\\
You may provide a definition with
\DeclareUnicodeCharacter 


./title.tex:4: Package inputenc Error: Unicode character –∂ (U+0436)
(inputenc)                not set up for use with LaTeX.

See the inputenc package documentation for explanation.
Type  H <return>  for immediate help.
 ...                                              
                                                  
l.4 ...µ –æ–±—Ä–∞–∑–æ–≤–∞—Ç–µ–ª—å–Ω–æ–µ —É—á—Ä–µ–∂
                                                  –¥–µ–Ω–∏–µ\\
You may provide a definition with
\DeclareUnicodeCharacter 


./title.tex:4: Package inputenc Error: Unicode character –¥ (U+0434)
(inputenc)                not set up for use with LaTeX.

See the inputenc package documentation for explanation.
Type  H <return>  for immediate help.
 ...                                              
                                                  
l.4 ...–æ–±—Ä–∞–∑–æ–≤–∞—Ç–µ–ª—å–Ω–æ–µ —É—á—Ä–µ–∂–¥
                                                  –µ–Ω–∏–µ\\
You may provide a definition with
\DeclareUnicodeCharacter 


./title.tex:4: Package inputenc Error: Unicode character –µ (U+0435)
(inputenc)                not set up for use with LaTeX.

See the inputenc package documentation for explanation.
Type  H <return>  for immediate help.
 ...                                              
                                                  
l.4 ...–±—Ä–∞–∑–æ–≤–∞—Ç–µ–ª—å–Ω–æ–µ —É—á—Ä–µ–∂–¥–µ
                                                  –Ω–∏–µ\\
You may provide a definition with
\DeclareUnicodeCharacter 


./title.tex:4: Package inputenc Error: Unicode character –Ω (U+043D)
(inputenc)                not set up for use with LaTeX.

See the inputenc package documentation for explanation.
Type  H <return>  for immediate help.
 ...                                              
                                                  
l.4 ...—Ä–∞–∑–æ–≤–∞—Ç–µ–ª—å–Ω–æ–µ —É—á—Ä–µ–∂–¥–µ–Ω
                                                  –∏–µ\\
You may provide a definition with
\DeclareUnicodeCharacter 


./title.tex:4: Package inputenc Error: Unicode character –∏ (U+0438)
(inputenc)                not set up for use with LaTeX.

See the inputenc package documentation for explanation.
Type  H <return>  for immediate help.
 ...                                              
                                                  
l.4 ...–∞–∑–æ–≤–∞—Ç–µ–ª—å–Ω–æ–µ —É—á—Ä–µ–∂–¥–µ–Ω–∏
                                                  –µ\\
You may provide a definition with
\DeclareUnicodeCharacter 


./title.tex:4: Package inputenc Error: Unicode character –µ (U+0435)
(inputenc)                not set up for use with LaTeX.

See the inputenc package documentation for explanation.
Type  H <return>  for immediate help.
 ...                                              
                                                  
l.4 ...–∑–æ–≤–∞—Ç–µ–ª—å–Ω–æ–µ —É—á—Ä–µ–∂–¥–µ–Ω–∏–µ
                                                  \\
You may provide a definition with
\DeclareUnicodeCharacter 


./title.tex:4: LaTeX Error: There's no line here to end.

See the LaTeX manual or LaTeX Companion for explanation.
Type  H <return>  for immediate help.
 ...                                              
                                                  
l.4 ...–æ–≤–∞—Ç–µ–ª—å–Ω–æ–µ —É—á—Ä–µ–∂–¥–µ–Ω–∏–µ\\
                                                  
(That makes 100 errors; please try again.) 
Here is how much of TeX's memory you used:
 55 strings out of 482657
 918 string characters out of 5957839
 232506 words of memory out of 5000000
 15184 multiletter control sequences out of 15000+600000
 532338 words of font info for 24 fonts, out of 8000000 for 9000
 430 hyphenation exceptions out of 8191
 12i,1n,15p,148b,99s stack positions out of 5000i,500n,10000p,200000b,80000s

./title.tex:4:  ==> Fatal error occurred, no output PDF file produced!
